Using pre-set license
Built from '2021.3/staging' branch; Version is '2021.3.18f1 (3129e69bc0c7) revision 3221990'; Using compiler version '192829333'; Build Type 'Release'
OS: 'Windows 10  (10.0.19045) 64bit Professional' Language: 'en' Physical Memory: 15741 MB
BatchMode: 1, IsHumanControllingUs: 0, StartBugReporterOnCrash: 0, Is64bit: 1, IsPro: 1

COMMAND LINE ARGUMENTS:
C:\Program Files\Unity\Hub\Editor\2021.3.18f1\Editor\Unity.exe
-adb2
-batchMode
-noUpm
-name
AssetImportWorker2
-projectPath
D:/college/3-hk2/game/asg/520h0683_lab5_game
-logFile
Logs/AssetImportWorker2.log
-srvPort
57995
Successfully changed project path to: D:/college/3-hk2/game/asg/520h0683_lab5_game
D:/college/3-hk2/game/asg/520h0683_lab5_game
[UnityMemory] Configuration Parameters - Can be set up in boot.config
    "memorysetup-bucket-allocator-granularity=16"
    "memorysetup-bucket-allocator-bucket-count=8"
    "memorysetup-bucket-allocator-block-size=33554432"
    "memorysetup-bucket-allocator-block-count=8"
    "memorysetup-main-allocator-block-size=16777216"
    "memorysetup-thread-allocator-block-size=16777216"
    "memorysetup-gfx-main-allocator-block-size=16777216"
    "memorysetup-gfx-thread-allocator-block-size=16777216"
    "memorysetup-cache-allocator-block-size=4194304"
    "memorysetup-typetree-allocator-block-size=2097152"
    "memorysetup-profiler-bucket-allocator-granularity=16"
    "memorysetup-profiler-bucket-allocator-bucket-count=8"
    "memorysetup-profiler-bucket-allocator-block-size=33554432"
    "memorysetup-profiler-bucket-allocator-block-count=8"
    "memorysetup-profiler-allocator-block-size=16777216"
    "memorysetup-profiler-editor-allocator-block-size=1048576"
    "memorysetup-temp-allocator-size-main=16777216"
    "memorysetup-job-temp-allocator-block-size=2097152"
    "memorysetup-job-temp-allocator-block-size-background=1048576"
    "memorysetup-job-temp-allocator-reduction-small-platforms=262144"
    "memorysetup-temp-allocator-size-background-worker=32768"
    "memorysetup-temp-allocator-size-job-worker=262144"
    "memorysetup-temp-allocator-size-preload-manager=33554432"
    "memorysetup-temp-allocator-size-nav-mesh-worker=65536"
    "memorysetup-temp-allocator-size-audio-worker=65536"
    "memorysetup-temp-allocator-size-cloud-worker=32768"
    "memorysetup-temp-allocator-size-gi-baking-worker=262144"
    "memorysetup-temp-allocator-size-gfx=262144"
Player connection [1500] Host "[IP] 10.0.130.13 [Port] 0 [Flags] 2 [Guid] 2842115181 [EditorId] 2842115181 [Version] 1048832 [Id] WindowsEditor(7,DESKTOP-K4IBJNU) [Debug] 1 [PackageName] WindowsEditor [ProjectName] Editor" joined multi-casting on [225.0.0.222:54997]...

Player connection [1500] Host "[IP] 10.0.130.13 [Port] 0 [Flags] 2 [Guid] 2842115181 [EditorId] 2842115181 [Version] 1048832 [Id] WindowsEditor(7,DESKTOP-K4IBJNU) [Debug] 1 [PackageName] WindowsEditor [ProjectName] Editor" joined alternative multi-casting on [225.0.0.222:34997]...

Refreshing native plugins compatible for Editor in 152.86 ms, found 3 plugins.
Preloading 0 native plugins for Editor in 0.00 ms.
Initialize engine version: 2021.3.18f1 (3129e69bc0c7)
[Subsystems] Discovering subsystems at path C:/Program Files/Unity/Hub/Editor/2021.3.18f1/Editor/Data/Resources/UnitySubsystems
[Subsystems] Discovering subsystems at path D:/college/3-hk2/game/asg/520h0683_lab5_game/Assets
GfxDevice: creating device client; threaded=0; jobified=0
Direct3D:
    Version:  Direct3D 11.0 [level 11.1]
    Renderer: NVIDIA GeForce GTX 1650 Ti (ID=0x1f95)
    Vendor:   NVIDIA
    VRAM:     3962 MB
    Driver:   30.0.14.7219
Initialize mono
Mono path[0] = 'C:/Program Files/Unity/Hub/Editor/2021.3.18f1/Editor/Data/Managed'
Mono path[1] = 'C:/Program Files/Unity/Hub/Editor/2021.3.18f1/Editor/Data/MonoBleedingEdge/lib/mono/unityjit-win32'
Mono config path = 'C:/Program Files/Unity/Hub/Editor/2021.3.18f1/Editor/Data/MonoBleedingEdge/etc'
Using monoOptions --debugger-agent=transport=dt_socket,embedding=1,server=y,suspend=n,address=127.0.0.1:56248
Begin MonoManager ReloadAssembly
Registering precompiled unity dll's ...
Trying to register platform support module: C:/Program Files/Unity/Hub/Editor/2021.3.18f1/Editor/Data/PlaybackEngines/WebGLSupport/UnityEditor.WebGL.Extensions.dll (that doesn't exist). Retrying without overrides.
Platform support module is not available: C:/Program Files/Unity/Hub/Editor/2021.3.18f1/Editor/Data/PlaybackEngines/WebGLSupport/UnityEditor.WebGL.Extensions.dll
Register platform support module: C:/Program Files/Unity/Hub/Editor/2021.3.18f1/Editor/Data/PlaybackEngines/WindowsStandaloneSupport/UnityEditor.WindowsStandalone.Extensions.dll
Registered in 0.012893 seconds.
Native extension for WindowsStandalone target not found
Refreshing native plugins compatible for Editor in 182.87 ms, found 3 plugins.
Preloading 0 native plugins for Editor in 0.00 ms.
Mono: successfully reloaded assembly
- Completed reload, in  1.233 seconds
Domain Reload Profiling:
	ReloadAssembly (1234ms)
		BeginReloadAssembly (147ms)
			ExecutionOrderSort (0ms)
			DisableScriptedObjects (0ms)
			BackupInstance (0ms)
			ReleaseScriptingObjects (0ms)
			CreateAndSetChildDomain (2ms)
		EndReloadAssembly (868ms)
			LoadAssemblies (142ms)
			RebuildTransferFunctionScriptingTraits (0ms)
			SetupTypeCache (189ms)
			ReleaseScriptCaches (0ms)
			RebuildScriptCaches (50ms)
			SetupLoadedEditorAssemblies (532ms)
				LogAssemblyErrors (0ms)
				InitializePlatformSupportModulesInManaged (17ms)
				SetLoadedEditorAssemblies (0ms)
				RefreshPlugins (183ms)
				BeforeProcessingInitializeOnLoad (2ms)
				ProcessInitializeOnLoadAttributes (246ms)
				ProcessInitializeOnLoadMethodAttributes (83ms)
				AfterProcessingInitializeOnLoad (0ms)
				EditorAssembliesLoaded (0ms)
			ExecutionOrderSort2 (0ms)
			AwakeInstancesAfterBackupRestoration (0ms)
Platform modules already initialized, skipping
Registering precompiled user dll's ...
Registered in 0.007243 seconds.
Begin MonoManager ReloadAssembly
Symbol file LoadedFromMemory doesn't match image D:\college\3-hk2\game\asg\520h0683_lab5_game\Library\PackageCache\com.unity.visualscripting@1.8.0\Editor\VisualScripting.Core\Dependencies\YamlDotNet\Unity.VisualScripting.YamlDotNet.dll
Symbol file LoadedFromMemory doesn't match image D:\college\3-hk2\game\asg\520h0683_lab5_game\Library\PackageCache\com.unity.visualscripting@1.8.0\Editor\VisualScripting.Core\Dependencies\DotNetZip\Unity.VisualScripting.IonicZip.dll
Native extension for WindowsStandalone target not found
Refreshing native plugins compatible for Editor in 0.80 ms, found 3 plugins.
Preloading 0 native plugins for Editor in 0.00 ms.
Mono: successfully reloaded assembly
- Completed reload, in  1.704 seconds
Domain Reload Profiling:
	ReloadAssembly (1706ms)
		BeginReloadAssembly (167ms)
			ExecutionOrderSort (0ms)
			DisableScriptedObjects (9ms)
			BackupInstance (0ms)
			ReleaseScriptingObjects (0ms)
			CreateAndSetChildDomain (28ms)
		EndReloadAssembly (1298ms)
			LoadAssemblies (110ms)
			RebuildTransferFunctionScriptingTraits (0ms)
			SetupTypeCache (442ms)
			ReleaseScriptCaches (2ms)
			RebuildScriptCaches (81ms)
			SetupLoadedEditorAssemblies (592ms)
				LogAssemblyErrors (0ms)
				InitializePlatformSupportModulesInManaged (11ms)
				SetLoadedEditorAssemblies (1ms)
				RefreshPlugins (1ms)
				BeforeProcessingInitializeOnLoad (146ms)
				ProcessInitializeOnLoadAttributes (376ms)
				ProcessInitializeOnLoadMethodAttributes (45ms)
				AfterProcessingInitializeOnLoad (13ms)
				EditorAssembliesLoaded (0ms)
			ExecutionOrderSort2 (0ms)
			AwakeInstancesAfterBackupRestoration (10ms)
Platform modules already initialized, skipping
========================================================================
Worker process is ready to serve import requests
Launched and connected shader compiler UnityShaderCompiler.exe after 0.06 seconds
Refreshing native plugins compatible for Editor in 0.77 ms, found 3 plugins.
Preloading 0 native plugins for Editor in 0.00 ms.
Unloading 3061 Unused Serialized files (Serialized files now loaded: 0)
Unloading 24 unused Assets / (114.0 KB). Loaded Objects now: 3547.
Memory consumption went from 126.3 MB to 126.1 MB.
Total: 6.625000 ms (FindLiveObjects: 0.629300 ms CreateObjectMapping: 0.418200 ms MarkObjects: 5.358600 ms  DeleteObjects: 0.216000 ms)

AssetImportParameters requested are different than current active one (requested -> active):
  custom:video-decoder-ogg-theora: a1e56fd34408186e4bbccfd4996cb3dc -> 
  custom:container-muxer-webm: aa71ff27fc2769a1b78a27578f13a17b -> 
  custom:container-demuxer-webm: 4f35f7cbe854078d1ac9338744f61a02 -> 
  custom:video-encoder-webm-vp8: eb34c28f22e8b96e1ab97ce403110664 -> 
  custom:audio-encoder-webm-vorbis: bf7c407c2cedff20999df2af8eb42d56 -> 
  custom:framework-win-MediaFoundation: 216162199b28c13a410421893ffa2e32 -> 
  custom:container-demuxer-ogg: 62fdf1f143b41e24485cea50d1cbac27 -> 
  custom:video-decoder-webm-vp8: 9c59270c3fd7afecdb556c50c9e8de78 -> 
  custom:audio-decoder-ogg-vorbis: bf7c407c2cedff20999df2af8eb42d56 -> 
========================================================================
Received Prepare
Registering precompiled user dll's ...
Registered in 0.006355 seconds.
Begin MonoManager ReloadAssembly
Symbol file LoadedFromMemory doesn't match image D:\college\3-hk2\game\asg\520h0683_lab5_game\Library\PackageCache\com.unity.visualscripting@1.8.0\Editor\VisualScripting.Core\Dependencies\YamlDotNet\Unity.VisualScripting.YamlDotNet.dll
Symbol file LoadedFromMemory doesn't match image D:\college\3-hk2\game\asg\520h0683_lab5_game\Library\PackageCache\com.unity.visualscripting@1.8.0\Editor\VisualScripting.Core\Dependencies\DotNetZip\Unity.VisualScripting.IonicZip.dll
Native extension for WindowsStandalone target not found
Refreshing native plugins compatible for Editor in 0.87 ms, found 3 plugins.
Preloading 0 native plugins for Editor in 0.00 ms.
Mono: successfully reloaded assembly
- Completed reload, in  1.785 seconds
Domain Reload Profiling:
	ReloadAssembly (1786ms)
		BeginReloadAssembly (192ms)
			ExecutionOrderSort (0ms)
			DisableScriptedObjects (8ms)
			BackupInstance (0ms)
			ReleaseScriptingObjects (0ms)
			CreateAndSetChildDomain (47ms)
		EndReloadAssembly (1426ms)
			LoadAssemblies (116ms)
			RebuildTransferFunctionScriptingTraits (0ms)
			SetupTypeCache (485ms)
			ReleaseScriptCaches (2ms)
			RebuildScriptCaches (83ms)
			SetupLoadedEditorAssemblies (630ms)
				LogAssemblyErrors (0ms)
				InitializePlatformSupportModulesInManaged (27ms)
				SetLoadedEditorAssemblies (1ms)
				RefreshPlugins (1ms)
				BeforeProcessingInitializeOnLoad (137ms)
				ProcessInitializeOnLoadAttributes (413ms)
				ProcessInitializeOnLoadMethodAttributes (37ms)
				AfterProcessingInitializeOnLoad (14ms)
				EditorAssembliesLoaded (0ms)
			ExecutionOrderSort2 (0ms)
			AwakeInstancesAfterBackupRestoration (12ms)
Platform modules already initialized, skipping
Refreshing native plugins compatible for Editor in 1.85 ms, found 3 plugins.
Preloading 0 native plugins for Editor in 0.00 ms.
Unloading 3052 Unused Serialized files (Serialized files now loaded: 0)
Unloading 17 unused Assets / (80.7 KB). Loaded Objects now: 3550.
Memory consumption went from 125.7 MB to 125.6 MB.
Total: 4.949500 ms (FindLiveObjects: 0.507800 ms CreateObjectMapping: 0.186700 ms MarkObjects: 4.010500 ms  DeleteObjects: 0.241900 ms)

AssetImportParameters requested are different than current active one (requested -> active):
  custom:video-decoder-ogg-theora: a1e56fd34408186e4bbccfd4996cb3dc -> 
  custom:container-muxer-webm: aa71ff27fc2769a1b78a27578f13a17b -> 
  custom:container-demuxer-webm: 4f35f7cbe854078d1ac9338744f61a02 -> 
  custom:video-encoder-webm-vp8: eb34c28f22e8b96e1ab97ce403110664 -> 
  custom:audio-encoder-webm-vorbis: bf7c407c2cedff20999df2af8eb42d56 -> 
  custom:framework-win-MediaFoundation: 216162199b28c13a410421893ffa2e32 -> 
  custom:container-demuxer-ogg: 62fdf1f143b41e24485cea50d1cbac27 -> 
  custom:video-decoder-webm-vp8: 9c59270c3fd7afecdb556c50c9e8de78 -> 
  custom:audio-decoder-ogg-vorbis: bf7c407c2cedff20999df2af8eb42d56 -> 
========================================================================
Received Import Request.
  Time since last request: 7364.350470 seconds.
  path: Assets/Environment/Water (Basic)/Prefabs
  artifactKey: Guid(50d95e01ce44ff842949168ffec200cf) Importer(815301076,1909f56bfc062723c751e8b465ee728b)
Start importing Assets/Environment/Water (Basic)/Prefabs using Guid(50d95e01ce44ff842949168ffec200cf) Importer(815301076,1909f56bfc062723c751e8b465ee728b)  -> (artifact id: '862215cd89a8c13ec8c7573e83f9cb08') in 0.018927 seconds 
========================================================================
Received Import Request.
  Time since last request: 58.193429 seconds.
  path: Assets/Environment/SpeedTree/Broadleaf/Broadleaf_Mobile Materials
  artifactKey: Guid(5d2a4cf4598e80f48a3b902218fb54d1) Importer(815301076,1909f56bfc062723c751e8b465ee728b)
Start importing Assets/Environment/SpeedTree/Broadleaf/Broadleaf_Mobile Materials using Guid(5d2a4cf4598e80f48a3b902218fb54d1) Importer(815301076,1909f56bfc062723c751e8b465ee728b)  -> (artifact id: '167b71648390c97e9c7bbacd9e2b39cd') in 0.013124 seconds 
========================================================================
Received Import Request.
  Time since last request: 0.035981 seconds.
  path: Assets/Environment/SpeedTree/Broadleaf/Broadleaf_Mobile Materials/Billboard.mat
  artifactKey: Guid(8c1755df5f552e843b9f8485f72e71f8) Importer(815301076,1909f56bfc062723c751e8b465ee728b)
Start importing Assets/Environment/SpeedTree/Broadleaf/Broadleaf_Mobile Materials/Billboard.mat using Guid(8c1755df5f552e843b9f8485f72e71f8) Importer(815301076,1909f56bfc062723c751e8b465ee728b)  -> (artifact id: '81cc7ee15ec6c42082f9bab9c67d188f') in 0.367331 seconds 
========================================================================
Received Import Request.
  Time since last request: 0.812106 seconds.
  path: Assets/Environment/SpeedTree/Broadleaf/Broadleaf_Mobile Materials/LOD1
  artifactKey: Guid(f43b0d85aede78949b2f8fa931a218a4) Importer(815301076,1909f56bfc062723c751e8b465ee728b)
Start importing Assets/Environment/SpeedTree/Broadleaf/Broadleaf_Mobile Materials/LOD1 using Guid(f43b0d85aede78949b2f8fa931a218a4) Importer(815301076,1909f56bfc062723c751e8b465ee728b)  -> (artifact id: '39f345d87b44f4a8ec62764e7355c129') in 0.009051 seconds 
========================================================================
Received Import Request.
  Time since last request: 0.045151 seconds.
  path: Assets/Environment/SpeedTree/Broadleaf/Broadleaf_Mobile Materials/LOD1/Branches_0.mat
  artifactKey: Guid(1092dd21af768cb499771bf88709dbbd) Importer(815301076,1909f56bfc062723c751e8b465ee728b)
Start importing Assets/Environment/SpeedTree/Broadleaf/Broadleaf_Mobile Materials/LOD1/Branches_0.mat using Guid(1092dd21af768cb499771bf88709dbbd) Importer(815301076,1909f56bfc062723c751e8b465ee728b)  -> (artifact id: '72151f8545ffb7403837b85856b124fa') in 0.024734 seconds 
========================================================================
Received Import Request.
  Time since last request: 4.492564 seconds.
  path: Assets/Environment/TerrainAssets/SurfaceTextures/NewLayer 1.terrainlayer
  artifactKey: Guid(384cf80d0bb05e94298ec6193a654344) Importer(815301076,1909f56bfc062723c751e8b465ee728b)
Start importing Assets/Environment/TerrainAssets/SurfaceTextures/NewLayer 1.terrainlayer using Guid(384cf80d0bb05e94298ec6193a654344) Importer(815301076,1909f56bfc062723c751e8b465ee728b)  -> (artifact id: '7fbc922263273d11f8106d3d6a944fbf') in 0.042776 seconds 
========================================================================
Received Import Request.
  Time since last request: 28.295394 seconds.
  path: Assets/Environment/SpeedTree/Broadleaf/Broadleaf_Mobile Materials/LOD0
  artifactKey: Guid(f420aff58dc8992489809a07ff0b3889) Importer(815301076,1909f56bfc062723c751e8b465ee728b)
Start importing Assets/Environment/SpeedTree/Broadleaf/Broadleaf_Mobile Materials/LOD0 using Guid(f420aff58dc8992489809a07ff0b3889) Importer(815301076,1909f56bfc062723c751e8b465ee728b)  -> (artifact id: 'bfc533ac686ba08ff59900b4ebfe2077') in 0.010915 seconds 
========================================================================
Received Import Request.
  Time since last request: 0.040890 seconds.
  path: Assets/Environment/SpeedTree/Broadleaf/Broadleaf_Mobile Materials/LOD0/Branches_0.mat
  artifactKey: Guid(bfc1dabf45016eb46b99df1a78054924) Importer(815301076,1909f56bfc062723c751e8b465ee728b)
Start importing Assets/Environment/SpeedTree/Broadleaf/Broadleaf_Mobile Materials/LOD0/Branches_0.mat using Guid(bfc1dabf45016eb46b99df1a78054924) Importer(815301076,1909f56bfc062723c751e8b465ee728b)  -> (artifact id: '59d6fabf65d7c72ae6e697c34ac491ac') in 0.022514 seconds 
========================================================================
Received Import Request.
  Time since last request: 10.733547 seconds.
  path: Assets/Environment/SpeedTree/Broadleaf/Broadleaf_Desktop Materials
  artifactKey: Guid(76d1c0d83720ea445ba84ce7d478511a) Importer(815301076,1909f56bfc062723c751e8b465ee728b)
Start importing Assets/Environment/SpeedTree/Broadleaf/Broadleaf_Desktop Materials using Guid(76d1c0d83720ea445ba84ce7d478511a) Importer(815301076,1909f56bfc062723c751e8b465ee728b)  -> (artifact id: 'ec37b43d2c2a1448af755228096dd229') in 0.011440 seconds 
========================================================================
Received Import Request.
  Time since last request: 0.052171 seconds.
  path: Assets/Environment/SpeedTree/Broadleaf/Broadleaf_Desktop Materials/Billboard.mat
  artifactKey: Guid(d68104aea3d1d084385a1acc7c896247) Importer(815301076,1909f56bfc062723c751e8b465ee728b)
Start importing Assets/Environment/SpeedTree/Broadleaf/Broadleaf_Desktop Materials/Billboard.mat using Guid(d68104aea3d1d084385a1acc7c896247) Importer(815301076,1909f56bfc062723c751e8b465ee728b)  -> (artifact id: '52b04f3aac6813d474173714babb3d46') in 0.013779 seconds 
========================================================================
Received Import Request.
  Time since last request: 11.750400 seconds.
  path: Assets/Environment/Water (Basic)/Models
  artifactKey: Guid(5ca387966638baf478f257729f7d9ffd) Importer(815301076,1909f56bfc062723c751e8b465ee728b)
Start importing Assets/Environment/Water (Basic)/Models using Guid(5ca387966638baf478f257729f7d9ffd) Importer(815301076,1909f56bfc062723c751e8b465ee728b)  -> (artifact id: '0997aedf11144630a97313db09369c7e') in 0.009587 seconds 
========================================================================
Received Import Request.
  Time since last request: 1.373565 seconds.
  path: Assets/Environment/Water (Basic)/Materials
  artifactKey: Guid(706eadfad28bc4c1c9bb137b31052b14) Importer(815301076,1909f56bfc062723c751e8b465ee728b)
Start importing Assets/Environment/Water (Basic)/Materials using Guid(706eadfad28bc4c1c9bb137b31052b14) Importer(815301076,1909f56bfc062723c751e8b465ee728b)  -> (artifact id: 'bc8f75312b7c1a08fc93ab4700bac25e') in 0.020964 seconds 
========================================================================
Received Import Request.
  Time since last request: 0.025721 seconds.
  path: Assets/Environment/Water (Basic)/Materials/WaterBasicDaytime.mat
  artifactKey: Guid(52b7d70b1de7c4ce09662b77c14d9fda) Importer(815301076,1909f56bfc062723c751e8b465ee728b)
Start importing Assets/Environment/Water (Basic)/Materials/WaterBasicDaytime.mat using Guid(52b7d70b1de7c4ce09662b77c14d9fda) Importer(815301076,1909f56bfc062723c751e8b465ee728b)  -> (artifact id: 'aeed0df5167868b0fe83279389aa47a6') in 0.017089 seconds 
========================================================================
Received Import Request.
  Time since last request: 0.000039 seconds.
  path: Assets/Environment/Water (Basic)/Materials/WaterDefault.mat
  artifactKey: Guid(30abebfd9bf1c49d8a2d26e61e66bc15) Importer(815301076,1909f56bfc062723c751e8b465ee728b)
Start importing Assets/Environment/Water (Basic)/Materials/WaterDefault.mat using Guid(30abebfd9bf1c49d8a2d26e61e66bc15) Importer(815301076,1909f56bfc062723c751e8b465ee728b)  -> (artifact id: '5692220f4bcbaa9cca3c09035dd23b66') in 0.202415 seconds 
========================================================================
Received Import Request.
  Time since last request: 1.246259 seconds.
  path: Assets/Environment/Water (Basic)/Shaders
  artifactKey: Guid(c8e96a067d1ef4982b454cf5a686f648) Importer(815301076,1909f56bfc062723c751e8b465ee728b)
Start importing Assets/Environment/Water (Basic)/Shaders using Guid(c8e96a067d1ef4982b454cf5a686f648) Importer(815301076,1909f56bfc062723c751e8b465ee728b)  -> (artifact id: 'e236d614b703416e4e2b8b049d3477c2') in 0.011461 seconds 
========================================================================
Received Import Request.
  Time since last request: 312.693863 seconds.
  path: Assets/New Terrain.asset
  artifactKey: Guid(92e3ae687fbde454bab4a1994df6c396) Importer(815301076,1909f56bfc062723c751e8b465ee728b)
Start importing Assets/New Terrain.asset using Guid(92e3ae687fbde454bab4a1994df6c396) Importer(815301076,1909f56bfc062723c751e8b465ee728b)  -> (artifact id: '5119173ac7d63ea1d789edf386d9e149') in 0.055465 seconds 
========================================================================
Received Import Request.
  Time since last request: 1.755138 seconds.
  path: Assets/Rock
  artifactKey: Guid(c41cf3b4d4c5a7a468a3e8bc0b481e00) Importer(815301076,1909f56bfc062723c751e8b465ee728b)
Start importing Assets/Rock using Guid(c41cf3b4d4c5a7a468a3e8bc0b481e00) Importer(815301076,1909f56bfc062723c751e8b465ee728b)  -> (artifact id: '277b0e30b8233786102b13d3c9b3237b') in 0.010250 seconds 
========================================================================
Received Import Request.
  Time since last request: 5.549851 seconds.
  path: Assets/Environment/Rock/prefab
  artifactKey: Guid(0068f8509321435458ef7faf93ca0e5a) Importer(815301076,1909f56bfc062723c751e8b465ee728b)
Start importing Assets/Environment/Rock/prefab using Guid(0068f8509321435458ef7faf93ca0e5a) Importer(815301076,1909f56bfc062723c751e8b465ee728b)  -> (artifact id: '577450d7325776f5bfbdc3b3d8418c97') in 0.012523 seconds 
========================================================================
Received Import Request.
  Time since last request: 0.046081 seconds.
  path: Assets/Environment/Rock/prefab/Rock.prefab
  artifactKey: Guid(d2f192c371f0f7f408ef6d3471aa68ca) Importer(815301076,1909f56bfc062723c751e8b465ee728b)
Start importing Assets/Environment/Rock/prefab/Rock.prefab using Guid(d2f192c371f0f7f408ef6d3471aa68ca) Importer(815301076,1909f56bfc062723c751e8b465ee728b)  -> (artifact id: 'f55395559c44b8ddb37e8e92ac97e53a') in 0.258589 seconds 
========================================================================
Received Import Request.
  Time since last request: 15.029215 seconds.
  path: Assets/Environment/Rock/mesh/Mesh.FBX
  artifactKey: Guid(60f028e7a1b594a4bac0ffeaea1dec3c) Importer(815301076,1909f56bfc062723c751e8b465ee728b)
Start importing Assets/Environment/Rock/mesh/Mesh.FBX using Guid(60f028e7a1b594a4bac0ffeaea1dec3c) Importer(815301076,1909f56bfc062723c751e8b465ee728b)  -> (artifact id: '97c97724bcff8040888a7e140faa6232') in 0.067561 seconds 
========================================================================
Received Import Request.
  Time since last request: 309.872861 seconds.
  path: Assets/Environment/Rock/materials
  artifactKey: Guid(b4682808e94e26842ac813ae8ce2fcef) Importer(815301076,1909f56bfc062723c751e8b465ee728b)
Start importing Assets/Environment/Rock/materials using Guid(b4682808e94e26842ac813ae8ce2fcef) Importer(815301076,1909f56bfc062723c751e8b465ee728b)  -> (artifact id: '5418fb3bb95b51efd21bc76c4fbfcb58') in 0.011195 seconds 
========================================================================
Received Import Request.
  Time since last request: 0.032087 seconds.
  path: Assets/Environment/Rock/materials/Rock.mat
  artifactKey: Guid(429ff6bc9fbad274db8f826656248afc) Importer(815301076,1909f56bfc062723c751e8b465ee728b)
Start importing Assets/Environment/Rock/materials/Rock.mat using Guid(429ff6bc9fbad274db8f826656248afc) Importer(815301076,1909f56bfc062723c751e8b465ee728b)  -> (artifact id: '4f7562d241e75e031a316541c906781d') in 0.021734 seconds 
========================================================================
Received Import Request.
  Time since last request: 1.145893 seconds.
  path: Assets/Environment/Rock/texture/Stone_diffuse.tga
  artifactKey: Guid(a86712c067161d34c95222cd04904fef) Importer(815301076,1909f56bfc062723c751e8b465ee728b)
Start importing Assets/Environment/Rock/texture/Stone_diffuse.tga using Guid(a86712c067161d34c95222cd04904fef) Importer(815301076,1909f56bfc062723c751e8b465ee728b)  -> (artifact id: 'c8cad8339efa6b53da2a2a8a0836e6f9') in 0.026707 seconds 
========================================================================
Received Import Request.
  Time since last request: 3.431750 seconds.
  path: Assets/Environment/Rock/mesh
  artifactKey: Guid(05e64596ce06f7f43899fe1665f82aa1) Importer(815301076,1909f56bfc062723c751e8b465ee728b)
Start importing Assets/Environment/Rock/mesh using Guid(05e64596ce06f7f43899fe1665f82aa1) Importer(815301076,1909f56bfc062723c751e8b465ee728b)  -> (artifact id: '14232ae6baf6ce6c5f8ad52d3b10f883') in 0.009514 seconds 
========================================================================
Received Import Request.
  Time since last request: 2.955946 seconds.
  path: Assets/Environment/Rock/mesh/Materials
  artifactKey: Guid(19bd3ac56d17f8547be70bcd1ee294ae) Importer(815301076,1909f56bfc062723c751e8b465ee728b)
Start importing Assets/Environment/Rock/mesh/Materials using Guid(19bd3ac56d17f8547be70bcd1ee294ae) Importer(815301076,1909f56bfc062723c751e8b465ee728b)  -> (artifact id: '144536582da31b324cc5a75f283ba91c') in 0.003769 seconds 
========================================================================
Received Import Request.
  Time since last request: 0.063613 seconds.
  path: Assets/Environment/Rock/mesh/Materials/02 - Default.mat
  artifactKey: Guid(112fc7b56e036b946b3c86b9b815e24b) Importer(815301076,1909f56bfc062723c751e8b465ee728b)
Start importing Assets/Environment/Rock/mesh/Materials/02 - Default.mat using Guid(112fc7b56e036b946b3c86b9b815e24b) Importer(815301076,1909f56bfc062723c751e8b465ee728b)  -> (artifact id: 'aae72f11a98d2b97435dec27db41f8ac') in 0.016568 seconds 
========================================================================
Received Import Request.
  Time since last request: 7.087016 seconds.
  path: Assets/Environment/Rock/texture
  artifactKey: Guid(6c03dba54ac644e4889aa338361a5641) Importer(815301076,1909f56bfc062723c751e8b465ee728b)
Start importing Assets/Environment/Rock/texture using Guid(6c03dba54ac644e4889aa338361a5641) Importer(815301076,1909f56bfc062723c751e8b465ee728b)  -> (artifact id: 'cbb0fb4a47f1827f65955d74095f3b21') in 0.009822 seconds 
========================================================================
Received Import Request.
  Time since last request: 0.051775 seconds.
  path: Assets/Environment/Rock/texture/Stone_diffusePSD.psd
  artifactKey: Guid(8cf4cc6228e39fd4cb6f9a1e32e1ec51) Importer(815301076,1909f56bfc062723c751e8b465ee728b)
Start importing Assets/Environment/Rock/texture/Stone_diffusePSD.psd using Guid(8cf4cc6228e39fd4cb6f9a1e32e1ec51) Importer(815301076,1909f56bfc062723c751e8b465ee728b)  -> (artifact id: 'feb3777b3e87dd90eb7bcc60122b1711') in 0.028001 seconds 
========================================================================
Received Import Request.
  Time since last request: 28.335075 seconds.
  path: Assets/Environment/Rock/prefab/Rock.prefab
  artifactKey: Guid(d2f192c371f0f7f408ef6d3471aa68ca) Importer(815301076,1909f56bfc062723c751e8b465ee728b)
Start importing Assets/Environment/Rock/prefab/Rock.prefab using Guid(d2f192c371f0f7f408ef6d3471aa68ca) Importer(815301076,1909f56bfc062723c751e8b465ee728b)  -> (artifact id: 'd10378ca06d67d3ee0504286da8af7fb') in 0.031154 seconds 
========================================================================
Received Import Request.
  Time since last request: 7.446153 seconds.
  path: Assets/Environment/Rock/prefab/Rock.prefab
  artifactKey: Guid(d2f192c371f0f7f408ef6d3471aa68ca) Importer(815301076,1909f56bfc062723c751e8b465ee728b)
Start importing Assets/Environment/Rock/prefab/Rock.prefab using Guid(d2f192c371f0f7f408ef6d3471aa68ca) Importer(815301076,1909f56bfc062723c751e8b465ee728b)  -> (artifact id: '792952543457d0694f54038201894957') in 0.029275 seconds 
========================================================================
Received Import Request.
  Time since last request: 3.182751 seconds.
  path: Assets/Environment/Rock/prefab/Rock.prefab
  artifactKey: Guid(d2f192c371f0f7f408ef6d3471aa68ca) Importer(815301076,1909f56bfc062723c751e8b465ee728b)
Start importing Assets/Environment/Rock/prefab/Rock.prefab using Guid(d2f192c371f0f7f408ef6d3471aa68ca) Importer(815301076,1909f56bfc062723c751e8b465ee728b)  -> (artifact id: 'e26830c85c8cd1bb4ef8dec808e54111') in 0.021471 seconds 
========================================================================
Received Import Request.
  Time since last request: 12.257326 seconds.
  path: Assets/Environment/Rock/prefab/Rock.prefab
  artifactKey: Guid(d2f192c371f0f7f408ef6d3471aa68ca) Importer(815301076,1909f56bfc062723c751e8b465ee728b)
Start importing Assets/Environment/Rock/prefab/Rock.prefab using Guid(d2f192c371f0f7f408ef6d3471aa68ca) Importer(815301076,1909f56bfc062723c751e8b465ee728b)  -> (artifact id: '32a90a78811b55ab414da748346cedb9') in 0.022949 seconds 
========================================================================
Received Import Request.
  Time since last request: 3.642477 seconds.
  path: Assets/Environment/Rock/prefab/Rock.prefab
  artifactKey: Guid(d2f192c371f0f7f408ef6d3471aa68ca) Importer(815301076,1909f56bfc062723c751e8b465ee728b)
Start importing Assets/Environment/Rock/prefab/Rock.prefab using Guid(d2f192c371f0f7f408ef6d3471aa68ca) Importer(815301076,1909f56bfc062723c751e8b465ee728b)  -> (artifact id: 'dde945dc6eb22e11471c52b2f1b88c3d') in 0.032810 seconds 
========================================================================
Received Import Request.
  Time since last request: 261.055579 seconds.
  path: Assets/Environment/Rock/mesh/Mesh.FBX
  artifactKey: Guid(60f028e7a1b594a4bac0ffeaea1dec3c) Importer(815301076,1909f56bfc062723c751e8b465ee728b)
Start importing Assets/Environment/Rock/mesh/Mesh.FBX using Guid(60f028e7a1b594a4bac0ffeaea1dec3c) Importer(815301076,1909f56bfc062723c751e8b465ee728b)  -> (artifact id: '294e872bf38ddc704f257278c6e65fa3') in 0.022863 seconds 
========================================================================
Received Import Request.
  Time since last request: 1.180202 seconds.
  path: Assets/Environment/Rock/prefab/Rock.prefab
  artifactKey: Guid(d2f192c371f0f7f408ef6d3471aa68ca) Importer(815301076,1909f56bfc062723c751e8b465ee728b)
Start importing Assets/Environment/Rock/prefab/Rock.prefab using Guid(d2f192c371f0f7f408ef6d3471aa68ca) Importer(815301076,1909f56bfc062723c751e8b465ee728b)  -> (artifact id: 'b795a96c103a38489eec1f5f9b8bc02b') in 0.021678 seconds 
========================================================================
Received Import Request.
  Time since last request: 41.145699 seconds.
  path: Assets/Environment/Rock/prefab/Rock.prefab
  artifactKey: Guid(d2f192c371f0f7f408ef6d3471aa68ca) Importer(815301076,1909f56bfc062723c751e8b465ee728b)
Start importing Assets/Environment/Rock/prefab/Rock.prefab using Guid(d2f192c371f0f7f408ef6d3471aa68ca) Importer(815301076,1909f56bfc062723c751e8b465ee728b)  -> (artifact id: '99579dab34d3bbf03722393c173468a3') in 0.023176 seconds 
========================================================================
Received Import Request.
  Time since last request: 0.000055 seconds.
  path: Assets/Environment/Rock/mesh/Mesh.FBX
  artifactKey: Guid(60f028e7a1b594a4bac0ffeaea1dec3c) Importer(815301076,1909f56bfc062723c751e8b465ee728b)
Start importing Assets/Environment/Rock/mesh/Mesh.FBX using Guid(60f028e7a1b594a4bac0ffeaea1dec3c) Importer(815301076,1909f56bfc062723c751e8b465ee728b)  -> (artifact id: '67277f89e464a842ede2136f51a40b1e') in 0.025821 seconds 
========================================================================
Received Prepare
Registering precompiled user dll's ...
Registered in 0.003016 seconds.
Begin MonoManager ReloadAssembly
Symbol file LoadedFromMemory doesn't match image D:\college\3-hk2\game\asg\520h0683_lab5_game\Library\PackageCache\com.unity.visualscripting@1.8.0\Editor\VisualScripting.Core\Dependencies\YamlDotNet\Unity.VisualScripting.YamlDotNet.dll
Symbol file LoadedFromMemory doesn't match image D:\college\3-hk2\game\asg\520h0683_lab5_game\Library\PackageCache\com.unity.visualscripting@1.8.0\Editor\VisualScripting.Core\Dependencies\DotNetZip\Unity.VisualScripting.IonicZip.dll
Native extension for WindowsStandalone target not found
Refreshing native plugins compatible for Editor in 0.74 ms, found 3 plugins.
Preloading 0 native plugins for Editor in 0.00 ms.
Mono: successfully reloaded assembly
- Completed reload, in  1.216 seconds
Domain Reload Profiling:
	ReloadAssembly (1216ms)
		BeginReloadAssembly (150ms)
			ExecutionOrderSort (0ms)
			DisableScriptedObjects (4ms)
			BackupInstance (0ms)
			ReleaseScriptingObjects (0ms)
			CreateAndSetChildDomain (39ms)
		EndReloadAssembly (948ms)
			LoadAssemblies (93ms)
			RebuildTransferFunctionScriptingTraits (0ms)
			SetupTypeCache (343ms)
			ReleaseScriptCaches (1ms)
			RebuildScriptCaches (58ms)
			SetupLoadedEditorAssemblies (393ms)
				LogAssemblyErrors (0ms)
				InitializePlatformSupportModulesInManaged (18ms)
				SetLoadedEditorAssemblies (1ms)
				RefreshPlugins (1ms)
				BeforeProcessingInitializeOnLoad (79ms)
				ProcessInitializeOnLoadAttributes (256ms)
				ProcessInitializeOnLoadMethodAttributes (28ms)
				AfterProcessingInitializeOnLoad (10ms)
				EditorAssembliesLoaded (0ms)
			ExecutionOrderSort2 (0ms)
			AwakeInstancesAfterBackupRestoration (8ms)
Platform modules already initialized, skipping
Refreshing native plugins compatible for Editor in 2.13 ms, found 3 plugins.
Preloading 0 native plugins for Editor in 0.00 ms.
Unloading 3052 Unused Serialized files (Serialized files now loaded: 0)
Unloading 17 unused Assets / (80.9 KB). Loaded Objects now: 3603.
Memory consumption went from 131.6 MB to 131.5 MB.
Total: 3.817000 ms (FindLiveObjects: 0.447700 ms CreateObjectMapping: 0.217600 ms MarkObjects: 2.931800 ms  DeleteObjects: 0.218000 ms)

AssetImportParameters requested are different than current active one (requested -> active):
  custom:video-decoder-ogg-theora: a1e56fd34408186e4bbccfd4996cb3dc -> 
  custom:container-muxer-webm: aa71ff27fc2769a1b78a27578f13a17b -> 
  custom:container-demuxer-webm: 4f35f7cbe854078d1ac9338744f61a02 -> 
  custom:video-encoder-webm-vp8: eb34c28f22e8b96e1ab97ce403110664 -> 
  custom:audio-encoder-webm-vorbis: bf7c407c2cedff20999df2af8eb42d56 -> 
  custom:framework-win-MediaFoundation: 216162199b28c13a410421893ffa2e32 -> 
  custom:container-demuxer-ogg: 62fdf1f143b41e24485cea50d1cbac27 -> 
  custom:video-decoder-webm-vp8: 9c59270c3fd7afecdb556c50c9e8de78 -> 
  custom:audio-decoder-ogg-vorbis: bf7c407c2cedff20999df2af8eb42d56 -> 
========================================================================
Received Prepare
Registering precompiled user dll's ...
Registered in 0.003192 seconds.
Begin MonoManager ReloadAssembly
Symbol file LoadedFromMemory doesn't match image D:\college\3-hk2\game\asg\520h0683_lab5_game\Library\PackageCache\com.unity.visualscripting@1.8.0\Editor\VisualScripting.Core\Dependencies\YamlDotNet\Unity.VisualScripting.YamlDotNet.dll
Symbol file LoadedFromMemory doesn't match image D:\college\3-hk2\game\asg\520h0683_lab5_game\Library\PackageCache\com.unity.visualscripting@1.8.0\Editor\VisualScripting.Core\Dependencies\DotNetZip\Unity.VisualScripting.IonicZip.dll
Native extension for WindowsStandalone target not found
Refreshing native plugins compatible for Editor in 0.92 ms, found 3 plugins.
Preloading 0 native plugins for Editor in 0.00 ms.
Mono: successfully reloaded assembly
- Completed reload, in  1.198 seconds
Domain Reload Profiling:
	ReloadAssembly (1198ms)
		BeginReloadAssembly (155ms)
			ExecutionOrderSort (0ms)
			DisableScriptedObjects (8ms)
			BackupInstance (0ms)
			ReleaseScriptingObjects (0ms)
			CreateAndSetChildDomain (37ms)
		EndReloadAssembly (924ms)
			LoadAssemblies (98ms)
			RebuildTransferFunctionScriptingTraits (0ms)
			SetupTypeCache (329ms)
			ReleaseScriptCaches (2ms)
			RebuildScriptCaches (50ms)
			SetupLoadedEditorAssemblies (389ms)
				LogAssemblyErrors (0ms)
				InitializePlatformSupportModulesInManaged (18ms)
				SetLoadedEditorAssemblies (1ms)
				RefreshPlugins (1ms)
				BeforeProcessingInitializeOnLoad (80ms)
				ProcessInitializeOnLoadAttributes (254ms)
				ProcessInitializeOnLoadMethodAttributes (25ms)
				AfterProcessingInitializeOnLoad (10ms)
				EditorAssembliesLoaded (0ms)
			ExecutionOrderSort2 (0ms)
			AwakeInstancesAfterBackupRestoration (9ms)
Platform modules already initialized, skipping
Refreshing native plugins compatible for Editor in 2.13 ms, found 3 plugins.
Preloading 0 native plugins for Editor in 0.00 ms.
Unloading 3052 Unused Serialized files (Serialized files now loaded: 0)
Unloading 17 unused Assets / (81.0 KB). Loaded Objects now: 3606.
Memory consumption went from 131.6 MB to 131.5 MB.
Total: 4.174900 ms (FindLiveObjects: 0.272800 ms CreateObjectMapping: 0.078300 ms MarkObjects: 3.526600 ms  DeleteObjects: 0.295200 ms)

AssetImportParameters requested are different than current active one (requested -> active):
  custom:video-decoder-ogg-theora: a1e56fd34408186e4bbccfd4996cb3dc -> 
  custom:container-muxer-webm: aa71ff27fc2769a1b78a27578f13a17b -> 
  custom:container-demuxer-webm: 4f35f7cbe854078d1ac9338744f61a02 -> 
  custom:video-encoder-webm-vp8: eb34c28f22e8b96e1ab97ce403110664 -> 
  custom:audio-encoder-webm-vorbis: bf7c407c2cedff20999df2af8eb42d56 -> 
  custom:framework-win-MediaFoundation: 216162199b28c13a410421893ffa2e32 -> 
  custom:container-demuxer-ogg: 62fdf1f143b41e24485cea50d1cbac27 -> 
  custom:video-decoder-webm-vp8: 9c59270c3fd7afecdb556c50c9e8de78 -> 
  custom:audio-decoder-ogg-vorbis: bf7c407c2cedff20999df2af8eb42d56 -> 
========================================================================
Received Prepare
Registering precompiled user dll's ...
Registered in 0.002846 seconds.
Begin MonoManager ReloadAssembly
Symbol file LoadedFromMemory doesn't match image D:\college\3-hk2\game\asg\520h0683_lab5_game\Library\PackageCache\com.unity.visualscripting@1.8.0\Editor\VisualScripting.Core\Dependencies\YamlDotNet\Unity.VisualScripting.YamlDotNet.dll
Symbol file LoadedFromMemory doesn't match image D:\college\3-hk2\game\asg\520h0683_lab5_game\Library\PackageCache\com.unity.visualscripting@1.8.0\Editor\VisualScripting.Core\Dependencies\DotNetZip\Unity.VisualScripting.IonicZip.dll
Native extension for WindowsStandalone target not found
Refreshing native plugins compatible for Editor in 0.86 ms, found 3 plugins.
Preloading 0 native plugins for Editor in 0.00 ms.
Mono: successfully reloaded assembly
- Completed reload, in  1.222 seconds
Domain Reload Profiling:
	ReloadAssembly (1223ms)
		BeginReloadAssembly (141ms)
			ExecutionOrderSort (0ms)
			DisableScriptedObjects (5ms)
			BackupInstance (0ms)
			ReleaseScriptingObjects (0ms)
			CreateAndSetChildDomain (35ms)
		EndReloadAssembly (965ms)
			LoadAssemblies (87ms)
			RebuildTransferFunctionScriptingTraits (0ms)
			SetupTypeCache (351ms)
			ReleaseScriptCaches (2ms)
			RebuildScriptCaches (52ms)
			SetupLoadedEditorAssemblies (414ms)
				LogAssemblyErrors (0ms)
				InitializePlatformSupportModulesInManaged (17ms)
				SetLoadedEditorAssemblies (1ms)
				RefreshPlugins (1ms)
				BeforeProcessingInitializeOnLoad (87ms)
				ProcessInitializeOnLoadAttributes (271ms)
				ProcessInitializeOnLoadMethodAttributes (27ms)
				AfterProcessingInitializeOnLoad (10ms)
				EditorAssembliesLoaded (0ms)
			ExecutionOrderSort2 (0ms)
			AwakeInstancesAfterBackupRestoration (8ms)
Platform modules already initialized, skipping
Refreshing native plugins compatible for Editor in 2.49 ms, found 3 plugins.
Preloading 0 native plugins for Editor in 0.00 ms.
Unloading 3052 Unused Serialized files (Serialized files now loaded: 0)
Unloading 17 unused Assets / (81.0 KB). Loaded Objects now: 3609.
Memory consumption went from 131.6 MB to 131.5 MB.
Total: 3.855500 ms (FindLiveObjects: 0.349800 ms CreateObjectMapping: 0.099200 ms MarkObjects: 3.255800 ms  DeleteObjects: 0.149200 ms)

AssetImportParameters requested are different than current active one (requested -> active):
  custom:video-decoder-ogg-theora: a1e56fd34408186e4bbccfd4996cb3dc -> 
  custom:container-muxer-webm: aa71ff27fc2769a1b78a27578f13a17b -> 
  custom:container-demuxer-webm: 4f35f7cbe854078d1ac9338744f61a02 -> 
  custom:video-encoder-webm-vp8: eb34c28f22e8b96e1ab97ce403110664 -> 
  custom:audio-encoder-webm-vorbis: bf7c407c2cedff20999df2af8eb42d56 -> 
  custom:framework-win-MediaFoundation: 216162199b28c13a410421893ffa2e32 -> 
  custom:container-demuxer-ogg: 62fdf1f143b41e24485cea50d1cbac27 -> 
  custom:video-decoder-webm-vp8: 9c59270c3fd7afecdb556c50c9e8de78 -> 
  custom:audio-decoder-ogg-vorbis: bf7c407c2cedff20999df2af8eb42d56 -> 
========================================================================
Received Import Request.
  Time since last request: 715.127699 seconds.
  path: Assets/Environment/SpeedTree/Palm/Palm_Desktop Materials
  artifactKey: Guid(3bf2bbbc8bf6c674dbdd7e7bed3467bd) Importer(815301076,1909f56bfc062723c751e8b465ee728b)
Start importing Assets/Environment/SpeedTree/Palm/Palm_Desktop Materials using Guid(3bf2bbbc8bf6c674dbdd7e7bed3467bd) Importer(815301076,1909f56bfc062723c751e8b465ee728b)  -> (artifact id: '016f9a0e1f564c361ce404467573de1f') in 0.016687 seconds 
========================================================================
Received Import Request.
  Time since last request: 0.057251 seconds.
  path: Assets/Environment/SpeedTree/Palm/Palm_Desktop Materials/Billboard.mat
  artifactKey: Guid(6e680dda9368db5418f19388474277a2) Importer(815301076,1909f56bfc062723c751e8b465ee728b)
Start importing Assets/Environment/SpeedTree/Palm/Palm_Desktop Materials/Billboard.mat using Guid(6e680dda9368db5418f19388474277a2) Importer(815301076,1909f56bfc062723c751e8b465ee728b)  -> (artifact id: '07428be2289c19f1b7f420f1964a21c5') in 0.097498 seconds 
========================================================================
Received Import Request.
  Time since last request: 0.806955 seconds.
  path: Assets/Environment/SpeedTree/Palm/Palm_Desktop Materials/LOD2
  artifactKey: Guid(d02ca93506797924583a2ce43e5efdc0) Importer(815301076,1909f56bfc062723c751e8b465ee728b)
Start importing Assets/Environment/SpeedTree/Palm/Palm_Desktop Materials/LOD2 using Guid(d02ca93506797924583a2ce43e5efdc0) Importer(815301076,1909f56bfc062723c751e8b465ee728b)  -> (artifact id: '79bba5d89eede70aaf0577c0f883e441') in 0.007891 seconds 
========================================================================
Received Import Request.
  Time since last request: 0.050868 seconds.
  path: Assets/Environment/SpeedTree/Palm/Palm_Desktop Materials/LOD2/Branches_0.mat
  artifactKey: Guid(5c6bda52f548c164381f24c22067e446) Importer(815301076,1909f56bfc062723c751e8b465ee728b)
Start importing Assets/Environment/SpeedTree/Palm/Palm_Desktop Materials/LOD2/Branches_0.mat using Guid(5c6bda52f548c164381f24c22067e446) Importer(815301076,1909f56bfc062723c751e8b465ee728b)  -> (artifact id: '4b00182c2085b6faaf6f989462fc1b09') in 0.035509 seconds 
========================================================================
Received Import Request.
  Time since last request: 136.054959 seconds.
  path: Assets/New Terrain.asset
  artifactKey: Guid(92e3ae687fbde454bab4a1994df6c396) Importer(815301076,1909f56bfc062723c751e8b465ee728b)
Start importing Assets/New Terrain.asset using Guid(92e3ae687fbde454bab4a1994df6c396) Importer(815301076,1909f56bfc062723c751e8b465ee728b)  -> (artifact id: '19a79f4fdd923e47906fac820ecdd600') in 0.213573 seconds 
========================================================================
Received Import Request.
  Time since last request: 1.916984 seconds.
  path: Assets/no9_Game_Sounds
  artifactKey: Guid(12d11e72767b08c49bb0fefae69d39c1) Importer(815301076,1909f56bfc062723c751e8b465ee728b)
Start importing Assets/no9_Game_Sounds using Guid(12d11e72767b08c49bb0fefae69d39c1) Importer(815301076,1909f56bfc062723c751e8b465ee728b)  -> (artifact id: '48eca30acd45c45cc7d0856b8ef5636e') in 0.007719 seconds 
========================================================================
Received Import Request.
  Time since last request: 3.076435 seconds.
  path: Assets/no9_Game_Sounds/sparrow_sounds
  artifactKey: Guid(315d3ea247b0fd344b20b17eb6ea5f82) Importer(815301076,1909f56bfc062723c751e8b465ee728b)
Start importing Assets/no9_Game_Sounds/sparrow_sounds using Guid(315d3ea247b0fd344b20b17eb6ea5f82) Importer(815301076,1909f56bfc062723c751e8b465ee728b)  -> (artifact id: 'a7406b7b737471d6b0e2320cde9d08ed') in 0.005764 seconds 
========================================================================
Received Import Request.
  Time since last request: 0.054139 seconds.
  path: Assets/no9_Game_Sounds/sparrow_sounds/01.wav
  artifactKey: Guid(1b34a3fddab80714893afcf0620ff106) Importer(815301076,1909f56bfc062723c751e8b465ee728b)
Start importing Assets/no9_Game_Sounds/sparrow_sounds/01.wav using Guid(1b34a3fddab80714893afcf0620ff106) Importer(815301076,1909f56bfc062723c751e8b465ee728b)  -> (artifact id: '161105c30bf9c40e594959a78e67fa1e') in 0.086550 seconds 
========================================================================
Received Import Request.
  Time since last request: 0.000021 seconds.
  path: Assets/no9_Game_Sounds/sparrow_sounds/29.wav
  artifactKey: Guid(af4984408b57fb740bc33aa576c3123d) Importer(815301076,1909f56bfc062723c751e8b465ee728b)
Start importing Assets/no9_Game_Sounds/sparrow_sounds/29.wav using Guid(af4984408b57fb740bc33aa576c3123d) Importer(815301076,1909f56bfc062723c751e8b465ee728b)  -> (artifact id: '6bdc31b990a6621595cc74c651215a8d') in 0.008537 seconds 
========================================================================
Received Import Request.
  Time since last request: 0.000039 seconds.
  path: Assets/no9_Game_Sounds/sparrow_sounds/18.wav
  artifactKey: Guid(afb009e87875a0545b3069568c5f1bf8) Importer(815301076,1909f56bfc062723c751e8b465ee728b)
Start importing Assets/no9_Game_Sounds/sparrow_sounds/18.wav using Guid(afb009e87875a0545b3069568c5f1bf8) Importer(815301076,1909f56bfc062723c751e8b465ee728b)  -> (artifact id: '0f86b0c58f723c1e8b5d72b533b40786') in 0.009611 seconds 
========================================================================
Received Import Request.
  Time since last request: 0.000029 seconds.
  path: Assets/no9_Game_Sounds/sparrow_sounds/35.wav
  artifactKey: Guid(81d88cb4e9a74e04bb06eeaedaf4a966) Importer(815301076,1909f56bfc062723c751e8b465ee728b)
Start importing Assets/no9_Game_Sounds/sparrow_sounds/35.wav using Guid(81d88cb4e9a74e04bb06eeaedaf4a966) Importer(815301076,1909f56bfc062723c751e8b465ee728b)  -> (artifact id: '4e79ac92d03b3ba0a2fc464537872c96') in 0.009832 seconds 
========================================================================
Received Import Request.
  Time since last request: 0.000027 seconds.
  path: Assets/no9_Game_Sounds/sparrow_sounds/26.wav
  artifactKey: Guid(56cd65eeb4a7e0c4784a1b85e085e049) Importer(815301076,1909f56bfc062723c751e8b465ee728b)
Start importing Assets/no9_Game_Sounds/sparrow_sounds/26.wav using Guid(56cd65eeb4a7e0c4784a1b85e085e049) Importer(815301076,1909f56bfc062723c751e8b465ee728b)  -> (artifact id: 'af7022c18b8b8bc91111257223434673') in 0.008866 seconds 
========================================================================
Received Import Request.
  Time since last request: 0.000033 seconds.
  path: Assets/no9_Game_Sounds/sparrow_sounds/07.wav
  artifactKey: Guid(38453785a905582489dabd96aa7632af) Importer(815301076,1909f56bfc062723c751e8b465ee728b)
Start importing Assets/no9_Game_Sounds/sparrow_sounds/07.wav using Guid(38453785a905582489dabd96aa7632af) Importer(815301076,1909f56bfc062723c751e8b465ee728b)  -> (artifact id: 'a08d8dc201382993093db9aca3fc4baa') in 0.010814 seconds 
========================================================================
Received Import Request.
  Time since last request: 0.000021 seconds.
  path: Assets/no9_Game_Sounds/sparrow_sounds/17.wav
  artifactKey: Guid(10acbaedc05cca54690796080053db27) Importer(815301076,1909f56bfc062723c751e8b465ee728b)
Start importing Assets/no9_Game_Sounds/sparrow_sounds/17.wav using Guid(10acbaedc05cca54690796080053db27) Importer(815301076,1909f56bfc062723c751e8b465ee728b)  -> (artifact id: '4edcc9a8776110d419c866b903736e36') in 0.009497 seconds 
========================================================================
Received Import Request.
  Time since last request: 0.000025 seconds.
  path: Assets/no9_Game_Sounds/sparrow_sounds/33.wav
  artifactKey: Guid(8d96d406434cd4e40a8b8cefc7f441aa) Importer(815301076,1909f56bfc062723c751e8b465ee728b)
Start importing Assets/no9_Game_Sounds/sparrow_sounds/33.wav using Guid(8d96d406434cd4e40a8b8cefc7f441aa) Importer(815301076,1909f56bfc062723c751e8b465ee728b)  -> (artifact id: 'fa15da1eb843c66a66d491f4de81a16c') in 0.016872 seconds 
========================================================================
Received Import Request.
  Time since last request: 0.000042 seconds.
  path: Assets/no9_Game_Sounds/sparrow_sounds/23.wav
  artifactKey: Guid(163230438efe0db4f8824c9bd253cf7f) Importer(815301076,1909f56bfc062723c751e8b465ee728b)
Start importing Assets/no9_Game_Sounds/sparrow_sounds/23.wav using Guid(163230438efe0db4f8824c9bd253cf7f) Importer(815301076,1909f56bfc062723c751e8b465ee728b)  -> (artifact id: 'a8e1589140aaade490b9f38a4b290611') in 0.016697 seconds 
========================================================================
Received Import Request.
  Time since last request: 0.000085 seconds.
  path: Assets/no9_Game_Sounds/sparrow_sounds/45.wav
  artifactKey: Guid(b6bcacde296490d49b1c5b5365cba645) Importer(815301076,1909f56bfc062723c751e8b465ee728b)
Start importing Assets/no9_Game_Sounds/sparrow_sounds/45.wav using Guid(b6bcacde296490d49b1c5b5365cba645) Importer(815301076,1909f56bfc062723c751e8b465ee728b)  -> (artifact id: 'b47b46646ffbc9dfb4097d5d65bf04ea') in 0.013628 seconds 
========================================================================
Received Import Request.
  Time since last request: 0.000069 seconds.
  path: Assets/no9_Game_Sounds/sparrow_sounds/14.wav
  artifactKey: Guid(d7cb3d6e7479f6847a15353ac8eff013) Importer(815301076,1909f56bfc062723c751e8b465ee728b)
Start importing Assets/no9_Game_Sounds/sparrow_sounds/14.wav using Guid(d7cb3d6e7479f6847a15353ac8eff013) Importer(815301076,1909f56bfc062723c751e8b465ee728b)  -> (artifact id: '0b0d68465e729dd59db45f6b7cc979bc') in 0.013894 seconds 
========================================================================
Received Import Request.
  Time since last request: 0.000087 seconds.
  path: Assets/no9_Game_Sounds/sparrow_sounds/44.wav
  artifactKey: Guid(9011044ef47e4654e8b4ddc275268ace) Importer(815301076,1909f56bfc062723c751e8b465ee728b)
Start importing Assets/no9_Game_Sounds/sparrow_sounds/44.wav using Guid(9011044ef47e4654e8b4ddc275268ace) Importer(815301076,1909f56bfc062723c751e8b465ee728b)  -> (artifact id: '48c596eeeb7bedfecf504ff36d85074a') in 0.014284 seconds 
========================================================================
Received Import Request.
  Time since last request: 0.000039 seconds.
  path: Assets/no9_Game_Sounds/sparrow_sounds/22.wav
  artifactKey: Guid(40741411af24e7a469138387462d12ea) Importer(815301076,1909f56bfc062723c751e8b465ee728b)
Start importing Assets/no9_Game_Sounds/sparrow_sounds/22.wav using Guid(40741411af24e7a469138387462d12ea) Importer(815301076,1909f56bfc062723c751e8b465ee728b)  -> (artifact id: 'fdc50b2c7eb3fe506d15486861ceb545') in 0.015974 seconds 
========================================================================
Received Import Request.
  Time since last request: 0.000036 seconds.
  path: Assets/no9_Game_Sounds/sparrow_sounds/32.wav
  artifactKey: Guid(2472e84ea108f4048815754b937410ec) Importer(815301076,1909f56bfc062723c751e8b465ee728b)
Start importing Assets/no9_Game_Sounds/sparrow_sounds/32.wav using Guid(2472e84ea108f4048815754b937410ec) Importer(815301076,1909f56bfc062723c751e8b465ee728b)  -> (artifact id: 'e7c58357eb56b015672650237a16c99e') in 0.012337 seconds 
========================================================================
Received Import Request.
  Time since last request: 0.000052 seconds.
  path: Assets/no9_Game_Sounds/sparrow_sounds/40.wav
  artifactKey: Guid(ffad0de1803cf8c49b5c0c0f6b05de01) Importer(815301076,1909f56bfc062723c751e8b465ee728b)
Start importing Assets/no9_Game_Sounds/sparrow_sounds/40.wav using Guid(ffad0de1803cf8c49b5c0c0f6b05de01) Importer(815301076,1909f56bfc062723c751e8b465ee728b)  -> (artifact id: '246a29adde48d0c16dd09f1c27865fd1') in 0.013373 seconds 
========================================================================
Received Import Request.
  Time since last request: 0.000061 seconds.
  path: Assets/no9_Game_Sounds/sparrow_sounds/04.wav
  artifactKey: Guid(26ab97bf5ce32944a8993cb6d90b9b9c) Importer(815301076,1909f56bfc062723c751e8b465ee728b)
Start importing Assets/no9_Game_Sounds/sparrow_sounds/04.wav using Guid(26ab97bf5ce32944a8993cb6d90b9b9c) Importer(815301076,1909f56bfc062723c751e8b465ee728b)  -> (artifact id: 'ec28c5ed982a8a5a8a3bb602c5756f15') in 0.015184 seconds 
========================================================================
Received Import Request.
  Time since last request: 0.000041 seconds.
  path: Assets/no9_Game_Sounds/sparrow_sounds/39.wav
  artifactKey: Guid(25737291fe52cdf44aee3364760e860f) Importer(815301076,1909f56bfc062723c751e8b465ee728b)
Start importing Assets/no9_Game_Sounds/sparrow_sounds/39.wav using Guid(25737291fe52cdf44aee3364760e860f) Importer(815301076,1909f56bfc062723c751e8b465ee728b)  -> (artifact id: '94872362376fba95aae7ad2ac6d605c3') in 0.014447 seconds 
========================================================================
Received Import Request.
  Time since last request: 0.000042 seconds.
  path: Assets/no9_Game_Sounds/sparrow_sounds/19.wav
  artifactKey: Guid(858ea92ef27492d4b96e99783e107a59) Importer(815301076,1909f56bfc062723c751e8b465ee728b)
Start importing Assets/no9_Game_Sounds/sparrow_sounds/19.wav using Guid(858ea92ef27492d4b96e99783e107a59) Importer(815301076,1909f56bfc062723c751e8b465ee728b)  -> (artifact id: '93752b0ae5fbc6af5e2a5ea83c121d56') in 0.014121 seconds 
========================================================================
Received Import Request.
  Time since last request: 0.000041 seconds.
  path: Assets/no9_Game_Sounds/sparrow_sounds/31.wav
  artifactKey: Guid(1e04f3ab926b1ce44bc3990eb7af1ce8) Importer(815301076,1909f56bfc062723c751e8b465ee728b)
Start importing Assets/no9_Game_Sounds/sparrow_sounds/31.wav using Guid(1e04f3ab926b1ce44bc3990eb7af1ce8) Importer(815301076,1909f56bfc062723c751e8b465ee728b)  -> (artifact id: 'c2785e003e3ceeb509bd42b7365f4c18') in 0.015755 seconds 
========================================================================
Received Import Request.
  Time since last request: 0.000046 seconds.
  path: Assets/no9_Game_Sounds/sparrow_sounds/24.wav
  artifactKey: Guid(a699332703713904996030fafad177dd) Importer(815301076,1909f56bfc062723c751e8b465ee728b)
Start importing Assets/no9_Game_Sounds/sparrow_sounds/24.wav using Guid(a699332703713904996030fafad177dd) Importer(815301076,1909f56bfc062723c751e8b465ee728b)  -> (artifact id: '0a05e43e7989f38b5a996d8617436bff') in 0.013475 seconds 
========================================================================
Received Import Request.
  Time since last request: 0.000039 seconds.
  path: Assets/no9_Game_Sounds/sparrow_sounds/25.wav
  artifactKey: Guid(7ef11128351dc1c4c830b8f839664f2d) Importer(815301076,1909f56bfc062723c751e8b465ee728b)
Start importing Assets/no9_Game_Sounds/sparrow_sounds/25.wav using Guid(7ef11128351dc1c4c830b8f839664f2d) Importer(815301076,1909f56bfc062723c751e8b465ee728b)  -> (artifact id: '5ebc3bc19951fb88014b2e76222900df') in 0.015367 seconds 
========================================================================
Received Import Request.
  Time since last request: 0.000050 seconds.
  path: Assets/no9_Game_Sounds/sparrow_sounds/30.wav
  artifactKey: Guid(2a31e00afd27d0f46956d850144264a8) Importer(815301076,1909f56bfc062723c751e8b465ee728b)
Start importing Assets/no9_Game_Sounds/sparrow_sounds/30.wav using Guid(2a31e00afd27d0f46956d850144264a8) Importer(815301076,1909f56bfc062723c751e8b465ee728b)  -> (artifact id: 'ddc2d6d8fa2552d21a7c80666e07a356') in 0.014015 seconds 
========================================================================
Received Import Request.
  Time since last request: 0.000035 seconds.
  path: Assets/no9_Game_Sounds/sparrow_sounds/11.wav
  artifactKey: Guid(070fff4ef5372804b98ce4524cbe6991) Importer(815301076,1909f56bfc062723c751e8b465ee728b)
Start importing Assets/no9_Game_Sounds/sparrow_sounds/11.wav using Guid(070fff4ef5372804b98ce4524cbe6991) Importer(815301076,1909f56bfc062723c751e8b465ee728b)  -> (artifact id: 'f6f93aafdb60caea4ef5cf562ae3bcb4') in 0.012895 seconds 
========================================================================
Received Import Request.
  Time since last request: 8.040618 seconds.
  path: Assets/sound bird
  artifactKey: Guid(12d11e72767b08c49bb0fefae69d39c1) Importer(815301076,1909f56bfc062723c751e8b465ee728b)
Start importing Assets/sound bird using Guid(12d11e72767b08c49bb0fefae69d39c1) Importer(815301076,1909f56bfc062723c751e8b465ee728b)  -> (artifact id: '5eebe1b0965d98a96eab75ece2b4fd77') in 0.010908 seconds 
========================================================================
Received Prepare
Registering precompiled user dll's ...
Registered in 0.002912 seconds.
Begin MonoManager ReloadAssembly
Symbol file LoadedFromMemory doesn't match image D:\college\3-hk2\game\asg\520h0683_lab5_game\Library\PackageCache\com.unity.visualscripting@1.8.0\Editor\VisualScripting.Core\Dependencies\YamlDotNet\Unity.VisualScripting.YamlDotNet.dll
Symbol file LoadedFromMemory doesn't match image D:\college\3-hk2\game\asg\520h0683_lab5_game\Library\PackageCache\com.unity.visualscripting@1.8.0\Editor\VisualScripting.Core\Dependencies\DotNetZip\Unity.VisualScripting.IonicZip.dll
Native extension for WindowsStandalone target not found
Refreshing native plugins compatible for Editor in 0.73 ms, found 3 plugins.
Preloading 0 native plugins for Editor in 0.00 ms.
Mono: successfully reloaded assembly
- Completed reload, in  1.180 seconds
Domain Reload Profiling:
	ReloadAssembly (1180ms)
		BeginReloadAssembly (157ms)
			ExecutionOrderSort (0ms)
			DisableScriptedObjects (4ms)
			BackupInstance (0ms)
			ReleaseScriptingObjects (0ms)
			CreateAndSetChildDomain (46ms)
		EndReloadAssembly (904ms)
			LoadAssemblies (93ms)
			RebuildTransferFunctionScriptingTraits (0ms)
			SetupTypeCache (317ms)
			ReleaseScriptCaches (2ms)
			RebuildScriptCaches (56ms)
			SetupLoadedEditorAssemblies (385ms)
				LogAssemblyErrors (0ms)
				InitializePlatformSupportModulesInManaged (16ms)
				SetLoadedEditorAssemblies (0ms)
				RefreshPlugins (1ms)
				BeforeProcessingInitializeOnLoad (81ms)
				ProcessInitializeOnLoadAttributes (251ms)
				ProcessInitializeOnLoadMethodAttributes (25ms)
				AfterProcessingInitializeOnLoad (10ms)
				EditorAssembliesLoaded (0ms)
			ExecutionOrderSort2 (0ms)
			AwakeInstancesAfterBackupRestoration (7ms)
Platform modules already initialized, skipping
Refreshing native plugins compatible for Editor in 1.64 ms, found 3 plugins.
Preloading 0 native plugins for Editor in 0.00 ms.
Unloading 3052 Unused Serialized files (Serialized files now loaded: 0)
Unloading 17 unused Assets / (81.0 KB). Loaded Objects now: 3614.
Memory consumption went from 131.7 MB to 131.6 MB.
Total: 3.600000 ms (FindLiveObjects: 0.310200 ms CreateObjectMapping: 0.079700 ms MarkObjects: 3.084500 ms  DeleteObjects: 0.123900 ms)

AssetImportParameters requested are different than current active one (requested -> active):
  custom:video-decoder-ogg-theora: a1e56fd34408186e4bbccfd4996cb3dc -> 
  custom:container-muxer-webm: aa71ff27fc2769a1b78a27578f13a17b -> 
  custom:container-demuxer-webm: 4f35f7cbe854078d1ac9338744f61a02 -> 
  custom:video-encoder-webm-vp8: eb34c28f22e8b96e1ab97ce403110664 -> 
  custom:audio-encoder-webm-vorbis: bf7c407c2cedff20999df2af8eb42d56 -> 
  custom:framework-win-MediaFoundation: 216162199b28c13a410421893ffa2e32 -> 
  custom:container-demuxer-ogg: 62fdf1f143b41e24485cea50d1cbac27 -> 
  custom:video-decoder-webm-vp8: 9c59270c3fd7afecdb556c50c9e8de78 -> 
  custom:audio-decoder-ogg-vorbis: bf7c407c2cedff20999df2af8eb42d56 -> 
========================================================================
Received Prepare
Registering precompiled user dll's ...
Registered in 0.002942 seconds.
Begin MonoManager ReloadAssembly
Symbol file LoadedFromMemory doesn't match image D:\college\3-hk2\game\asg\520h0683_lab5_game\Library\PackageCache\com.unity.visualscripting@1.8.0\Editor\VisualScripting.Core\Dependencies\YamlDotNet\Unity.VisualScripting.YamlDotNet.dll
Symbol file LoadedFromMemory doesn't match image D:\college\3-hk2\game\asg\520h0683_lab5_game\Library\PackageCache\com.unity.visualscripting@1.8.0\Editor\VisualScripting.Core\Dependencies\DotNetZip\Unity.VisualScripting.IonicZip.dll
Native extension for WindowsStandalone target not found
Refreshing native plugins compatible for Editor in 0.72 ms, found 3 plugins.
Preloading 0 native plugins for Editor in 0.00 ms.
Mono: successfully reloaded assembly
- Completed reload, in  1.160 seconds
Domain Reload Profiling:
	ReloadAssembly (1161ms)
		BeginReloadAssembly (151ms)
			ExecutionOrderSort (0ms)
			DisableScriptedObjects (8ms)
			BackupInstance (0ms)
			ReleaseScriptingObjects (0ms)
			CreateAndSetChildDomain (39ms)
		EndReloadAssembly (908ms)
			LoadAssemblies (91ms)
			RebuildTransferFunctionScriptingTraits (0ms)
			SetupTypeCache (307ms)
			ReleaseScriptCaches (2ms)
			RebuildScriptCaches (60ms)
			SetupLoadedEditorAssemblies (392ms)
				LogAssemblyErrors (0ms)
				InitializePlatformSupportModulesInManaged (17ms)
				SetLoadedEditorAssemblies (1ms)
				RefreshPlugins (1ms)
				BeforeProcessingInitializeOnLoad (84ms)
				ProcessInitializeOnLoadAttributes (251ms)
				ProcessInitializeOnLoadMethodAttributes (28ms)
				AfterProcessingInitializeOnLoad (11ms)
				EditorAssembliesLoaded (0ms)
			ExecutionOrderSort2 (0ms)
			AwakeInstancesAfterBackupRestoration (8ms)
Platform modules already initialized, skipping
Refreshing native plugins compatible for Editor in 2.30 ms, found 3 plugins.
Preloading 0 native plugins for Editor in 0.00 ms.
Unloading 3052 Unused Serialized files (Serialized files now loaded: 0)
Unloading 17 unused Assets / (81.0 KB). Loaded Objects now: 3617.
Memory consumption went from 131.7 MB to 131.6 MB.
Total: 3.722300 ms (FindLiveObjects: 0.292300 ms CreateObjectMapping: 0.083700 ms MarkObjects: 3.230200 ms  DeleteObjects: 0.114800 ms)

AssetImportParameters requested are different than current active one (requested -> active):
  custom:video-decoder-ogg-theora: a1e56fd34408186e4bbccfd4996cb3dc -> 
  custom:container-muxer-webm: aa71ff27fc2769a1b78a27578f13a17b -> 
  custom:container-demuxer-webm: 4f35f7cbe854078d1ac9338744f61a02 -> 
  custom:video-encoder-webm-vp8: eb34c28f22e8b96e1ab97ce403110664 -> 
  custom:audio-encoder-webm-vorbis: bf7c407c2cedff20999df2af8eb42d56 -> 
  custom:framework-win-MediaFoundation: 216162199b28c13a410421893ffa2e32 -> 
  custom:container-demuxer-ogg: 62fdf1f143b41e24485cea50d1cbac27 -> 
  custom:video-decoder-webm-vp8: 9c59270c3fd7afecdb556c50c9e8de78 -> 
  custom:audio-decoder-ogg-vorbis: bf7c407c2cedff20999df2af8eb42d56 -> 
========================================================================
Received Prepare
Registering precompiled user dll's ...
Registered in 0.003160 seconds.
Begin MonoManager ReloadAssembly
Symbol file LoadedFromMemory doesn't match image D:\college\3-hk2\game\asg\520h0683_lab5_game\Library\PackageCache\com.unity.visualscripting@1.8.0\Editor\VisualScripting.Core\Dependencies\YamlDotNet\Unity.VisualScripting.YamlDotNet.dll
Symbol file LoadedFromMemory doesn't match image D:\college\3-hk2\game\asg\520h0683_lab5_game\Library\PackageCache\com.unity.visualscripting@1.8.0\Editor\VisualScripting.Core\Dependencies\DotNetZip\Unity.VisualScripting.IonicZip.dll
Native extension for WindowsStandalone target not found
Refreshing native plugins compatible for Editor in 1.37 ms, found 3 plugins.
Preloading 0 native plugins for Editor in 0.00 ms.
Mono: successfully reloaded assembly
- Completed reload, in  1.272 seconds
Domain Reload Profiling:
	ReloadAssembly (1273ms)
		BeginReloadAssembly (146ms)
			ExecutionOrderSort (0ms)
			DisableScriptedObjects (5ms)
			BackupInstance (0ms)
			ReleaseScriptingObjects (0ms)
			CreateAndSetChildDomain (36ms)
		EndReloadAssembly (1023ms)
			LoadAssemblies (172ms)
			RebuildTransferFunctionScriptingTraits (0ms)
			SetupTypeCache (344ms)
			ReleaseScriptCaches (1ms)
			RebuildScriptCaches (52ms)
			SetupLoadedEditorAssemblies (391ms)
				LogAssemblyErrors (0ms)
				InitializePlatformSupportModulesInManaged (16ms)
				SetLoadedEditorAssemblies (1ms)
				RefreshPlugins (1ms)
				BeforeProcessingInitializeOnLoad (88ms)
				ProcessInitializeOnLoadAttributes (249ms)
				ProcessInitializeOnLoadMethodAttributes (25ms)
				AfterProcessingInitializeOnLoad (9ms)
				EditorAssembliesLoaded (1ms)
			ExecutionOrderSort2 (0ms)
			AwakeInstancesAfterBackupRestoration (10ms)
Platform modules already initialized, skipping
Refreshing native plugins compatible for Editor in 2.11 ms, found 3 plugins.
Preloading 0 native plugins for Editor in 0.00 ms.
Unloading 3052 Unused Serialized files (Serialized files now loaded: 0)
Unloading 17 unused Assets / (81.0 KB). Loaded Objects now: 3620.
Memory consumption went from 131.7 MB to 131.6 MB.
Total: 3.257300 ms (FindLiveObjects: 0.312700 ms CreateObjectMapping: 0.075300 ms MarkObjects: 2.721400 ms  DeleteObjects: 0.146400 ms)

AssetImportParameters requested are different than current active one (requested -> active):
  custom:video-decoder-ogg-theora: a1e56fd34408186e4bbccfd4996cb3dc -> 
  custom:container-muxer-webm: aa71ff27fc2769a1b78a27578f13a17b -> 
  custom:container-demuxer-webm: 4f35f7cbe854078d1ac9338744f61a02 -> 
  custom:video-encoder-webm-vp8: eb34c28f22e8b96e1ab97ce403110664 -> 
  custom:audio-encoder-webm-vorbis: bf7c407c2cedff20999df2af8eb42d56 -> 
  custom:framework-win-MediaFoundation: 216162199b28c13a410421893ffa2e32 -> 
  custom:container-demuxer-ogg: 62fdf1f143b41e24485cea50d1cbac27 -> 
  custom:video-decoder-webm-vp8: 9c59270c3fd7afecdb556c50c9e8de78 -> 
  custom:audio-decoder-ogg-vorbis: bf7c407c2cedff20999df2af8eb42d56 -> 
========================================================================
Received Prepare
Registering precompiled user dll's ...
Registered in 0.002691 seconds.
Begin MonoManager ReloadAssembly
Symbol file LoadedFromMemory doesn't match image D:\college\3-hk2\game\asg\520h0683_lab5_game\Library\PackageCache\com.unity.visualscripting@1.8.0\Editor\VisualScripting.Core\Dependencies\YamlDotNet\Unity.VisualScripting.YamlDotNet.dll
Symbol file LoadedFromMemory doesn't match image D:\college\3-hk2\game\asg\520h0683_lab5_game\Library\PackageCache\com.unity.visualscripting@1.8.0\Editor\VisualScripting.Core\Dependencies\DotNetZip\Unity.VisualScripting.IonicZip.dll
Native extension for WindowsStandalone target not found
Refreshing native plugins compatible for Editor in 1.12 ms, found 3 plugins.
Preloading 0 native plugins for Editor in 0.00 ms.
Mono: successfully reloaded assembly
- Completed reload, in  1.276 seconds
Domain Reload Profiling:
	ReloadAssembly (1277ms)
		BeginReloadAssembly (161ms)
			ExecutionOrderSort (0ms)
			DisableScriptedObjects (7ms)
			BackupInstance (0ms)
			ReleaseScriptingObjects (0ms)
			CreateAndSetChildDomain (40ms)
		EndReloadAssembly (1008ms)
			LoadAssemblies (97ms)
			RebuildTransferFunctionScriptingTraits (0ms)
			SetupTypeCache (332ms)
			ReleaseScriptCaches (2ms)
			RebuildScriptCaches (86ms)
			SetupLoadedEditorAssemblies (413ms)
				LogAssemblyErrors (0ms)
				InitializePlatformSupportModulesInManaged (19ms)
				SetLoadedEditorAssemblies (1ms)
				RefreshPlugins (1ms)
				BeforeProcessingInitializeOnLoad (91ms)
				ProcessInitializeOnLoadAttributes (264ms)
				ProcessInitializeOnLoadMethodAttributes (24ms)
				AfterProcessingInitializeOnLoad (12ms)
				EditorAssembliesLoaded (0ms)
			ExecutionOrderSort2 (0ms)
			AwakeInstancesAfterBackupRestoration (8ms)
Platform modules already initialized, skipping
Refreshing native plugins compatible for Editor in 2.56 ms, found 3 plugins.
Preloading 0 native plugins for Editor in 0.00 ms.
Unloading 3052 Unused Serialized files (Serialized files now loaded: 0)
Unloading 17 unused Assets / (81.1 KB). Loaded Objects now: 3623.
Memory consumption went from 131.7 MB to 131.6 MB.
Total: 3.548000 ms (FindLiveObjects: 0.333900 ms CreateObjectMapping: 0.097300 ms MarkObjects: 3.000500 ms  DeleteObjects: 0.115000 ms)

AssetImportParameters requested are different than current active one (requested -> active):
  custom:video-decoder-ogg-theora: a1e56fd34408186e4bbccfd4996cb3dc -> 
  custom:container-muxer-webm: aa71ff27fc2769a1b78a27578f13a17b -> 
  custom:container-demuxer-webm: 4f35f7cbe854078d1ac9338744f61a02 -> 
  custom:video-encoder-webm-vp8: eb34c28f22e8b96e1ab97ce403110664 -> 
  custom:audio-encoder-webm-vorbis: bf7c407c2cedff20999df2af8eb42d56 -> 
  custom:framework-win-MediaFoundation: 216162199b28c13a410421893ffa2e32 -> 
  custom:container-demuxer-ogg: 62fdf1f143b41e24485cea50d1cbac27 -> 
  custom:video-decoder-webm-vp8: 9c59270c3fd7afecdb556c50c9e8de78 -> 
  custom:audio-decoder-ogg-vorbis: bf7c407c2cedff20999df2af8eb42d56 -> 
========================================================================
Received Import Request.
  Time since last request: 1897.212877 seconds.
  path: Assets/Environment/DayNightCycle.anim
  artifactKey: Guid(627fddda942aad94b8e2095324cc1a16) Importer(815301076,1909f56bfc062723c751e8b465ee728b)
Start importing Assets/Environment/DayNightCycle.anim using Guid(627fddda942aad94b8e2095324cc1a16) Importer(815301076,1909f56bfc062723c751e8b465ee728b)  -> (artifact id: '9662c25799cbcc16d885a90285be5d94') in 0.036498 seconds 
========================================================================
Received Import Request.
  Time since last request: 69.733359 seconds.
  path: Assets/Environment/Sun.controller
  artifactKey: Guid(b4907e8bf3b995e4fae8a0054a5285a1) Importer(815301076,1909f56bfc062723c751e8b465ee728b)
Start importing Assets/Environment/Sun.controller using Guid(b4907e8bf3b995e4fae8a0054a5285a1) Importer(815301076,1909f56bfc062723c751e8b465ee728b)  -> (artifact id: '8252e57ebcafd7735b2cd7cfd9e3ab90') in 0.016141 seconds 
========================================================================
Received Prepare
Registering precompiled user dll's ...
Registered in 0.003683 seconds.
Begin MonoManager ReloadAssembly
Symbol file LoadedFromMemory doesn't match image D:\college\3-hk2\game\asg\520h0683_lab5_game\Library\PackageCache\com.unity.visualscripting@1.8.0\Editor\VisualScripting.Core\Dependencies\YamlDotNet\Unity.VisualScripting.YamlDotNet.dll
Symbol file LoadedFromMemory doesn't match image D:\college\3-hk2\game\asg\520h0683_lab5_game\Library\PackageCache\com.unity.visualscripting@1.8.0\Editor\VisualScripting.Core\Dependencies\DotNetZip\Unity.VisualScripting.IonicZip.dll
Native extension for WindowsStandalone target not found
Refreshing native plugins compatible for Editor in 1.02 ms, found 3 plugins.
Preloading 0 native plugins for Editor in 0.00 ms.
Mono: successfully reloaded assembly
- Completed reload, in  1.201 seconds
Domain Reload Profiling:
	ReloadAssembly (1202ms)
		BeginReloadAssembly (136ms)
			ExecutionOrderSort (0ms)
			DisableScriptedObjects (6ms)
			BackupInstance (0ms)
			ReleaseScriptingObjects (0ms)
			CreateAndSetChildDomain (37ms)
		EndReloadAssembly (957ms)
			LoadAssemblies (83ms)
			RebuildTransferFunctionScriptingTraits (0ms)
			SetupTypeCache (319ms)
			ReleaseScriptCaches (2ms)
			RebuildScriptCaches (58ms)
			SetupLoadedEditorAssemblies (416ms)
				LogAssemblyErrors (0ms)
				InitializePlatformSupportModulesInManaged (17ms)
				SetLoadedEditorAssemblies (1ms)
				RefreshPlugins (1ms)
				BeforeProcessingInitializeOnLoad (90ms)
				ProcessInitializeOnLoadAttributes (269ms)
				ProcessInitializeOnLoadMethodAttributes (27ms)
				AfterProcessingInitializeOnLoad (10ms)
				EditorAssembliesLoaded (0ms)
			ExecutionOrderSort2 (0ms)
			AwakeInstancesAfterBackupRestoration (10ms)
Platform modules already initialized, skipping
Refreshing native plugins compatible for Editor in 3.20 ms, found 3 plugins.
Preloading 0 native plugins for Editor in 0.00 ms.
Unloading 3052 Unused Serialized files (Serialized files now loaded: 0)
Unloading 17 unused Assets / (81.1 KB). Loaded Objects now: 3626.
Memory consumption went from 131.7 MB to 131.7 MB.
Total: 3.709300 ms (FindLiveObjects: 0.397200 ms CreateObjectMapping: 0.155700 ms MarkObjects: 3.036500 ms  DeleteObjects: 0.118400 ms)

AssetImportParameters requested are different than current active one (requested -> active):
  custom:video-decoder-ogg-theora: a1e56fd34408186e4bbccfd4996cb3dc -> 
  custom:container-muxer-webm: aa71ff27fc2769a1b78a27578f13a17b -> 
  custom:container-demuxer-webm: 4f35f7cbe854078d1ac9338744f61a02 -> 
  custom:video-encoder-webm-vp8: eb34c28f22e8b96e1ab97ce403110664 -> 
  custom:audio-encoder-webm-vorbis: bf7c407c2cedff20999df2af8eb42d56 -> 
  custom:framework-win-MediaFoundation: 216162199b28c13a410421893ffa2e32 -> 
  custom:container-demuxer-ogg: 62fdf1f143b41e24485cea50d1cbac27 -> 
  custom:video-decoder-webm-vp8: 9c59270c3fd7afecdb556c50c9e8de78 -> 
  custom:audio-decoder-ogg-vorbis: bf7c407c2cedff20999df2af8eb42d56 -> 
========================================================================
Received Prepare
Registering precompiled user dll's ...
Registered in 0.002911 seconds.
Begin MonoManager ReloadAssembly
Symbol file LoadedFromMemory doesn't match image D:\college\3-hk2\game\asg\520h0683_lab5_game\Library\PackageCache\com.unity.visualscripting@1.8.0\Editor\VisualScripting.Core\Dependencies\YamlDotNet\Unity.VisualScripting.YamlDotNet.dll
Symbol file LoadedFromMemory doesn't match image D:\college\3-hk2\game\asg\520h0683_lab5_game\Library\PackageCache\com.unity.visualscripting@1.8.0\Editor\VisualScripting.Core\Dependencies\DotNetZip\Unity.VisualScripting.IonicZip.dll
Native extension for WindowsStandalone target not found
Refreshing native plugins compatible for Editor in 0.79 ms, found 3 plugins.
Preloading 0 native plugins for Editor in 0.00 ms.
Mono: successfully reloaded assembly
- Completed reload, in  1.235 seconds
Domain Reload Profiling:
	ReloadAssembly (1236ms)
		BeginReloadAssembly (156ms)
			ExecutionOrderSort (0ms)
			DisableScriptedObjects (7ms)
			BackupInstance (0ms)
			ReleaseScriptingObjects (0ms)
			CreateAndSetChildDomain (37ms)
		EndReloadAssembly (946ms)
			LoadAssemblies (115ms)
			RebuildTransferFunctionScriptingTraits (0ms)
			SetupTypeCache (306ms)
			ReleaseScriptCaches (2ms)
			RebuildScriptCaches (67ms)
			SetupLoadedEditorAssemblies (402ms)
				LogAssemblyErrors (0ms)
				InitializePlatformSupportModulesInManaged (17ms)
				SetLoadedEditorAssemblies (1ms)
				RefreshPlugins (1ms)
				BeforeProcessingInitializeOnLoad (88ms)
				ProcessInitializeOnLoadAttributes (260ms)
				ProcessInitializeOnLoadMethodAttributes (25ms)
				AfterProcessingInitializeOnLoad (10ms)
				EditorAssembliesLoaded (0ms)
			ExecutionOrderSort2 (0ms)
			AwakeInstancesAfterBackupRestoration (8ms)
Platform modules already initialized, skipping
Refreshing native plugins compatible for Editor in 1.74 ms, found 3 plugins.
Preloading 0 native plugins for Editor in 0.00 ms.
Unloading 3052 Unused Serialized files (Serialized files now loaded: 0)
Unloading 17 unused Assets / (80.9 KB). Loaded Objects now: 3629.
Memory consumption went from 131.7 MB to 131.7 MB.
Total: 3.199100 ms (FindLiveObjects: 0.271400 ms CreateObjectMapping: 0.073000 ms MarkObjects: 2.681600 ms  DeleteObjects: 0.171500 ms)

AssetImportParameters requested are different than current active one (requested -> active):
  custom:video-decoder-ogg-theora: a1e56fd34408186e4bbccfd4996cb3dc -> 
  custom:container-muxer-webm: aa71ff27fc2769a1b78a27578f13a17b -> 
  custom:container-demuxer-webm: 4f35f7cbe854078d1ac9338744f61a02 -> 
  custom:video-encoder-webm-vp8: eb34c28f22e8b96e1ab97ce403110664 -> 
  custom:audio-encoder-webm-vorbis: bf7c407c2cedff20999df2af8eb42d56 -> 
  custom:framework-win-MediaFoundation: 216162199b28c13a410421893ffa2e32 -> 
  custom:container-demuxer-ogg: 62fdf1f143b41e24485cea50d1cbac27 -> 
  custom:video-decoder-webm-vp8: 9c59270c3fd7afecdb556c50c9e8de78 -> 
  custom:audio-decoder-ogg-vorbis: bf7c407c2cedff20999df2af8eb42d56 -> 
========================================================================
Received Prepare
Registering precompiled user dll's ...
Registered in 0.002935 seconds.
Begin MonoManager ReloadAssembly
Symbol file LoadedFromMemory doesn't match image D:\college\3-hk2\game\asg\520h0683_lab5_game\Library\PackageCache\com.unity.visualscripting@1.8.0\Editor\VisualScripting.Core\Dependencies\YamlDotNet\Unity.VisualScripting.YamlDotNet.dll
Symbol file LoadedFromMemory doesn't match image D:\college\3-hk2\game\asg\520h0683_lab5_game\Library\PackageCache\com.unity.visualscripting@1.8.0\Editor\VisualScripting.Core\Dependencies\DotNetZip\Unity.VisualScripting.IonicZip.dll
Native extension for WindowsStandalone target not found
Refreshing native plugins compatible for Editor in 0.78 ms, found 3 plugins.
Preloading 0 native plugins for Editor in 0.00 ms.
Mono: successfully reloaded assembly
- Completed reload, in  1.211 seconds
Domain Reload Profiling:
	ReloadAssembly (1212ms)
		BeginReloadAssembly (157ms)
			ExecutionOrderSort (0ms)
			DisableScriptedObjects (6ms)
			BackupInstance (0ms)
			ReleaseScriptingObjects (0ms)
			CreateAndSetChildDomain (39ms)
		EndReloadAssembly (943ms)
			LoadAssemblies (99ms)
			RebuildTransferFunctionScriptingTraits (0ms)
			SetupTypeCache (323ms)
			ReleaseScriptCaches (2ms)
			RebuildScriptCaches (56ms)
			SetupLoadedEditorAssemblies (410ms)
				LogAssemblyErrors (0ms)
				InitializePlatformSupportModulesInManaged (21ms)
				SetLoadedEditorAssemblies (1ms)
				RefreshPlugins (1ms)
				BeforeProcessingInitializeOnLoad (85ms)
				ProcessInitializeOnLoadAttributes (265ms)
				ProcessInitializeOnLoadMethodAttributes (27ms)
				AfterProcessingInitializeOnLoad (10ms)
				EditorAssembliesLoaded (0ms)
			ExecutionOrderSort2 (0ms)
			AwakeInstancesAfterBackupRestoration (8ms)
Platform modules already initialized, skipping
Refreshing native plugins compatible for Editor in 2.05 ms, found 3 plugins.
Preloading 0 native plugins for Editor in 0.00 ms.
Unloading 3052 Unused Serialized files (Serialized files now loaded: 0)
Unloading 17 unused Assets / (80.9 KB). Loaded Objects now: 3632.
Memory consumption went from 131.8 MB to 131.7 MB.
Total: 4.011000 ms (FindLiveObjects: 0.367100 ms CreateObjectMapping: 0.083800 ms MarkObjects: 3.420400 ms  DeleteObjects: 0.137500 ms)

AssetImportParameters requested are different than current active one (requested -> active):
  custom:video-decoder-ogg-theora: a1e56fd34408186e4bbccfd4996cb3dc -> 
  custom:container-muxer-webm: aa71ff27fc2769a1b78a27578f13a17b -> 
  custom:container-demuxer-webm: 4f35f7cbe854078d1ac9338744f61a02 -> 
  custom:video-encoder-webm-vp8: eb34c28f22e8b96e1ab97ce403110664 -> 
  custom:audio-encoder-webm-vorbis: bf7c407c2cedff20999df2af8eb42d56 -> 
  custom:framework-win-MediaFoundation: 216162199b28c13a410421893ffa2e32 -> 
  custom:container-demuxer-ogg: 62fdf1f143b41e24485cea50d1cbac27 -> 
  custom:video-decoder-webm-vp8: 9c59270c3fd7afecdb556c50c9e8de78 -> 
  custom:audio-decoder-ogg-vorbis: bf7c407c2cedff20999df2af8eb42d56 -> 
========================================================================
Received Prepare
Registering precompiled user dll's ...
Registered in 0.002991 seconds.
Begin MonoManager ReloadAssembly
Symbol file LoadedFromMemory doesn't match image D:\college\3-hk2\game\asg\520h0683_lab5_game\Library\PackageCache\com.unity.visualscripting@1.8.0\Editor\VisualScripting.Core\Dependencies\YamlDotNet\Unity.VisualScripting.YamlDotNet.dll
Symbol file LoadedFromMemory doesn't match image D:\college\3-hk2\game\asg\520h0683_lab5_game\Library\PackageCache\com.unity.visualscripting@1.8.0\Editor\VisualScripting.Core\Dependencies\DotNetZip\Unity.VisualScripting.IonicZip.dll
Native extension for WindowsStandalone target not found
Refreshing native plugins compatible for Editor in 1.01 ms, found 3 plugins.
Preloading 0 native plugins for Editor in 0.00 ms.
Mono: successfully reloaded assembly
- Completed reload, in  1.267 seconds
Domain Reload Profiling:
	ReloadAssembly (1268ms)
		BeginReloadAssembly (154ms)
			ExecutionOrderSort (0ms)
			DisableScriptedObjects (8ms)
			BackupInstance (0ms)
			ReleaseScriptingObjects (0ms)
			CreateAndSetChildDomain (36ms)
		EndReloadAssembly (998ms)
			LoadAssemblies (79ms)
			RebuildTransferFunctionScriptingTraits (0ms)
			SetupTypeCache (334ms)
			ReleaseScriptCaches (2ms)
			RebuildScriptCaches (76ms)
			SetupLoadedEditorAssemblies (408ms)
				LogAssemblyErrors (0ms)
				InitializePlatformSupportModulesInManaged (19ms)
				SetLoadedEditorAssemblies (1ms)
				RefreshPlugins (1ms)
				BeforeProcessingInitializeOnLoad (92ms)
				ProcessInitializeOnLoadAttributes (261ms)
				ProcessInitializeOnLoadMethodAttributes (25ms)
				AfterProcessingInitializeOnLoad (10ms)
				EditorAssembliesLoaded (0ms)
			ExecutionOrderSort2 (0ms)
			AwakeInstancesAfterBackupRestoration (8ms)
Platform modules already initialized, skipping
Refreshing native plugins compatible for Editor in 2.42 ms, found 3 plugins.
Preloading 0 native plugins for Editor in 0.00 ms.
Unloading 3052 Unused Serialized files (Serialized files now loaded: 0)
Unloading 17 unused Assets / (80.9 KB). Loaded Objects now: 3635.
Memory consumption went from 131.8 MB to 131.7 MB.
Total: 3.883400 ms (FindLiveObjects: 0.413900 ms CreateObjectMapping: 0.209900 ms MarkObjects: 3.100400 ms  DeleteObjects: 0.157400 ms)

AssetImportParameters requested are different than current active one (requested -> active):
  custom:video-decoder-ogg-theora: a1e56fd34408186e4bbccfd4996cb3dc -> 
  custom:container-muxer-webm: aa71ff27fc2769a1b78a27578f13a17b -> 
  custom:container-demuxer-webm: 4f35f7cbe854078d1ac9338744f61a02 -> 
  custom:video-encoder-webm-vp8: eb34c28f22e8b96e1ab97ce403110664 -> 
  custom:audio-encoder-webm-vorbis: bf7c407c2cedff20999df2af8eb42d56 -> 
  custom:framework-win-MediaFoundation: 216162199b28c13a410421893ffa2e32 -> 
  custom:container-demuxer-ogg: 62fdf1f143b41e24485cea50d1cbac27 -> 
  custom:video-decoder-webm-vp8: 9c59270c3fd7afecdb556c50c9e8de78 -> 
  custom:audio-decoder-ogg-vorbis: bf7c407c2cedff20999df2af8eb42d56 -> 
========================================================================
Received Prepare
Registering precompiled user dll's ...
Registered in 0.003328 seconds.
Begin MonoManager ReloadAssembly
Symbol file LoadedFromMemory doesn't match image D:\college\3-hk2\game\asg\520h0683_lab5_game\Library\PackageCache\com.unity.visualscripting@1.8.0\Editor\VisualScripting.Core\Dependencies\YamlDotNet\Unity.VisualScripting.YamlDotNet.dll
Symbol file LoadedFromMemory doesn't match image D:\college\3-hk2\game\asg\520h0683_lab5_game\Library\PackageCache\com.unity.visualscripting@1.8.0\Editor\VisualScripting.Core\Dependencies\DotNetZip\Unity.VisualScripting.IonicZip.dll
Native extension for WindowsStandalone target not found
Refreshing native plugins compatible for Editor in 0.77 ms, found 3 plugins.
Preloading 0 native plugins for Editor in 0.00 ms.
Mono: successfully reloaded assembly
- Completed reload, in  1.178 seconds
Domain Reload Profiling:
	ReloadAssembly (1180ms)
		BeginReloadAssembly (145ms)
			ExecutionOrderSort (0ms)
			DisableScriptedObjects (5ms)
			BackupInstance (0ms)
			ReleaseScriptingObjects (0ms)
			CreateAndSetChildDomain (38ms)
		EndReloadAssembly (924ms)
			LoadAssemblies (87ms)
			RebuildTransferFunctionScriptingTraits (0ms)
			SetupTypeCache (295ms)
			ReleaseScriptCaches (2ms)
			RebuildScriptCaches (62ms)
			SetupLoadedEditorAssemblies (417ms)
				LogAssemblyErrors (0ms)
				InitializePlatformSupportModulesInManaged (19ms)
				SetLoadedEditorAssemblies (1ms)
				RefreshPlugins (1ms)
				BeforeProcessingInitializeOnLoad (84ms)
				ProcessInitializeOnLoadAttributes (271ms)
				ProcessInitializeOnLoadMethodAttributes (29ms)
				AfterProcessingInitializeOnLoad (11ms)
				EditorAssembliesLoaded (0ms)
			ExecutionOrderSort2 (0ms)
			AwakeInstancesAfterBackupRestoration (8ms)
Platform modules already initialized, skipping
Refreshing native plugins compatible for Editor in 3.58 ms, found 3 plugins.
Preloading 0 native plugins for Editor in 0.00 ms.
Unloading 3052 Unused Serialized files (Serialized files now loaded: 0)
Unloading 17 unused Assets / (80.9 KB). Loaded Objects now: 3638.
Memory consumption went from 131.8 MB to 131.7 MB.
Total: 4.282600 ms (FindLiveObjects: 0.345000 ms CreateObjectMapping: 0.114600 ms MarkObjects: 3.467700 ms  DeleteObjects: 0.353700 ms)

AssetImportParameters requested are different than current active one (requested -> active):
  custom:video-decoder-ogg-theora: a1e56fd34408186e4bbccfd4996cb3dc -> 
  custom:container-muxer-webm: aa71ff27fc2769a1b78a27578f13a17b -> 
  custom:container-demuxer-webm: 4f35f7cbe854078d1ac9338744f61a02 -> 
  custom:video-encoder-webm-vp8: eb34c28f22e8b96e1ab97ce403110664 -> 
  custom:audio-encoder-webm-vorbis: bf7c407c2cedff20999df2af8eb42d56 -> 
  custom:framework-win-MediaFoundation: 216162199b28c13a410421893ffa2e32 -> 
  custom:container-demuxer-ogg: 62fdf1f143b41e24485cea50d1cbac27 -> 
  custom:video-decoder-webm-vp8: 9c59270c3fd7afecdb556c50c9e8de78 -> 
  custom:audio-decoder-ogg-vorbis: bf7c407c2cedff20999df2af8eb42d56 -> 
========================================================================
Received Prepare
Registering precompiled user dll's ...
Registered in 0.002843 seconds.
Begin MonoManager ReloadAssembly
Symbol file LoadedFromMemory doesn't match image D:\college\3-hk2\game\asg\520h0683_lab5_game\Library\PackageCache\com.unity.visualscripting@1.8.0\Editor\VisualScripting.Core\Dependencies\YamlDotNet\Unity.VisualScripting.YamlDotNet.dll
Symbol file LoadedFromMemory doesn't match image D:\college\3-hk2\game\asg\520h0683_lab5_game\Library\PackageCache\com.unity.visualscripting@1.8.0\Editor\VisualScripting.Core\Dependencies\DotNetZip\Unity.VisualScripting.IonicZip.dll
Native extension for WindowsStandalone target not found
Refreshing native plugins compatible for Editor in 0.90 ms, found 3 plugins.
Preloading 0 native plugins for Editor in 0.00 ms.
Mono: successfully reloaded assembly
- Completed reload, in  1.201 seconds
Domain Reload Profiling:
	ReloadAssembly (1201ms)
		BeginReloadAssembly (156ms)
			ExecutionOrderSort (0ms)
			DisableScriptedObjects (8ms)
			BackupInstance (0ms)
			ReleaseScriptingObjects (0ms)
			CreateAndSetChildDomain (42ms)
		EndReloadAssembly (938ms)
			LoadAssemblies (94ms)
			RebuildTransferFunctionScriptingTraits (0ms)
			SetupTypeCache (305ms)
			ReleaseScriptCaches (2ms)
			RebuildScriptCaches (56ms)
			SetupLoadedEditorAssemblies (416ms)
				LogAssemblyErrors (0ms)
				InitializePlatformSupportModulesInManaged (20ms)
				SetLoadedEditorAssemblies (1ms)
				RefreshPlugins (1ms)
				BeforeProcessingInitializeOnLoad (90ms)
				ProcessInitializeOnLoadAttributes (270ms)
				ProcessInitializeOnLoadMethodAttributes (24ms)
				AfterProcessingInitializeOnLoad (10ms)
				EditorAssembliesLoaded (0ms)
			ExecutionOrderSort2 (0ms)
			AwakeInstancesAfterBackupRestoration (8ms)
Platform modules already initialized, skipping
Refreshing native plugins compatible for Editor in 2.22 ms, found 3 plugins.
Preloading 0 native plugins for Editor in 0.00 ms.
Unloading 3052 Unused Serialized files (Serialized files now loaded: 0)
Unloading 17 unused Assets / (81.0 KB). Loaded Objects now: 3641.
Memory consumption went from 131.8 MB to 131.7 MB.
Total: 3.303600 ms (FindLiveObjects: 0.297000 ms CreateObjectMapping: 0.092500 ms MarkObjects: 2.792800 ms  DeleteObjects: 0.120000 ms)

AssetImportParameters requested are different than current active one (requested -> active):
  custom:video-decoder-ogg-theora: a1e56fd34408186e4bbccfd4996cb3dc -> 
  custom:container-muxer-webm: aa71ff27fc2769a1b78a27578f13a17b -> 
  custom:container-demuxer-webm: 4f35f7cbe854078d1ac9338744f61a02 -> 
  custom:video-encoder-webm-vp8: eb34c28f22e8b96e1ab97ce403110664 -> 
  custom:audio-encoder-webm-vorbis: bf7c407c2cedff20999df2af8eb42d56 -> 
  custom:framework-win-MediaFoundation: 216162199b28c13a410421893ffa2e32 -> 
  custom:container-demuxer-ogg: 62fdf1f143b41e24485cea50d1cbac27 -> 
  custom:video-decoder-webm-vp8: 9c59270c3fd7afecdb556c50c9e8de78 -> 
  custom:audio-decoder-ogg-vorbis: bf7c407c2cedff20999df2af8eb42d56 -> 
========================================================================
Received Import Request.
  Time since last request: 746.783886 seconds.
  path: Assets/Environment/DayNightCycle.anim
  artifactKey: Guid(627fddda942aad94b8e2095324cc1a16) Importer(815301076,1909f56bfc062723c751e8b465ee728b)
Start importing Assets/Environment/DayNightCycle.anim using Guid(627fddda942aad94b8e2095324cc1a16) Importer(815301076,1909f56bfc062723c751e8b465ee728b)  -> (artifact id: '2f002632a3618b54af5827779c2ed5a1') in 0.017409 seconds 
